 INFO: nweb starting:10000:841
 INFO: listenfd:(null):3
 INFO: socketfd:(null):4
 INFO: request:GET / HTTP/1.1**Host: localhost:10000**User-Agent: Mozilla/5.0 (X11; Ubuntu; Linux x86_64; rv:66.0) Gecko/20100101 Firefox/66.0**Accept: text/html,application/xhtml+xml,application/xml;q=0.9,*/*;q=0.8**Accept-Language: en-US,en;q=0.5**Accept-Encoding: gzip, deflate**Connection: keep-alive**Cookie: _ga=GA1.1.704171331.1551282340**Upgrade-Insecure-Requests: 1****:1
 INFO: SEND:index.html:1
 INFO: socketfd:(null):4
 INFO: request:GET /favicon.ico HTTP/1.1**Host: localhost:10000**User-Agent: Mozilla/5.0 (X11; Ubuntu; Linux x86_64; rv:66.0) Gecko/20100101 Firefox/66.0**Accept: image/webp,*/***Accept-Language: en-US,en;q=0.5**Accept-Encoding: gzip, deflate**Connection: keep-alive**Cookie: _ga=GA1.1.704171331.1551282340****:2
SORRY: failed to open file:favicon.ico
 INFO: nweb starting:15000:856
 INFO: listenfd:(null):3
 INFO: socketfd:(null):4
 INFO: request:GET / HTTP/1.1**Host: localhost:15000**User-Agent: Mozilla/5.0 (X11; Ubuntu; Linux x86_64; rv:66.0) Gecko/20100101 Firefox/66.0**Accept: text/html,application/xhtml+xml,application/xml;q=0.9,*/*;q=0.8**Accept-Language: en-US,en;q=0.5**Accept-Encoding: gzip, deflate**Connection: keep-alive**Cookie: _ga=GA1.1.704171331.1551282340**Upgrade-Insecure-Requests: 1****:1
 INFO: SEND:index.html:1
 INFO: socketfd:(null):4
 INFO: request:GET /favicon.ico HTTP/1.1**Host: localhost:15000**User-Agent: Mozilla/5.0 (X11; Ubuntu; Linux x86_64; rv:66.0) Gecko/20100101 Firefox/66.0**Accept: image/webp,*/***Accept-Language: en-US,en;q=0.5**Accept-Encoding: gzip, deflate**Connection: keep-alive**Cookie: _ga=GA1.1.704171331.1551282340****:2
SORRY: failed to open file:favicon.ico
 INFO: nweb starting:16000:1198
 INFO: listenfd:(null):3
 INFO: socketfd:(null):4
 INFO: request:GET / HTTP/1.1**Host: localhost:16000**User-Agent: Mozilla/5.0 (X11; Ubuntu; Linux x86_64; rv:66.0) Gecko/20100101 Firefox/66.0**Accept: text/html,application/xhtml+xml,application/xml;q=0.9,*/*;q=0.8**Accept-Language: en-US,en;q=0.5**Accept-Encoding: gzip, deflate**Connection: keep-alive**Cookie: _ga=GA1.1.704171331.1551282340**Upgrade-Insecure-Requests: 1****:1
 INFO: SEND:index.html:1
 INFO: socketfd:(null):4
 INFO: request:GET /favicon.ico HTTP/1.1**Host: localhost:16000**User-Agent: Mozilla/5.0 (X11; Ubuntu; Linux x86_64; rv:66.0) Gecko/20100101 Firefox/66.0**Accept: image/webp,*/***Accept-Language: en-US,en;q=0.5**Accept-Encoding: gzip, deflate**Connection: keep-alive**Cookie: _ga=GA1.1.704171331.1551282340****:2
SORRY: failed to open file:favicon.ico
 INFO: nweb starting:17000:1691
 INFO: listenfd:(null):3
 INFO: socketfd:(null):4
 INFO: request:GET / HTTP/1.1**Host: localhost:17000**User-Agent: Mozilla/5.0 (X11; Ubuntu; Linux x86_64; rv:66.0) Gecko/20100101 Firefox/66.0**Accept: text/html,application/xhtml+xml,application/xml;q=0.9,*/*;q=0.8**Accept-Language: en-US,en;q=0.5**Accept-Encoding: gzip, deflate**Connection: keep-alive**Cookie: _ga=GA1.1.704171331.1551282340**Upgrade-Insecure-Requests: 1****:1
 INFO: SEND:index.html:1
 INFO: socketfd:(null):4
 INFO: request:GET /favicon.ico HTTP/1.1**Host: localhost:17000**User-Agent: Mozilla/5.0 (X11; Ubuntu; Linux x86_64; rv:66.0) Gecko/20100101 Firefox/66.0**Accept: image/webp,*/***Accept-Language: en-US,en;q=0.5**Accept-Encoding: gzip, deflate**Connection: keep-alive**Cookie: _ga=GA1.1.704171331.1551282340****:2
SORRY: failed to open file:favicon.ico
 INFO: nweb starting:17000:1699
 INFO: listenfd:(null):3
ERROR: system call:bind Errno=98 exiting pid=1699
 INFO: nweb starting:21333:2406
 INFO: listenfd:(null):3
 INFO: socketfd:(null):4
 INFO: request:GET / HTTP/1.1**Host: localhost:21333**User-Agent: Mozilla/5.0 (X11; Ubuntu; Linux x86_64; rv:66.0) Gecko/20100101 Firefox/66.0**Accept: text/html,application/xhtml+xml,application/xml;q=0.9,*/*;q=0.8**Accept-Language: en-US,en;q=0.5**Accept-Encoding: gzip, deflate**Connection: keep-alive**Cookie: _ga=GA1.1.704171331.1551282340**Upgrade-Insecure-Requests: 1****:1
 INFO: SEND:index.html:1
 INFO: socketfd:(null):4
 INFO: request:GET /favicon.ico HTTP/1.1**Host: localhost:21333**User-Agent: Mozilla/5.0 (X11; Ubuntu; Linux x86_64; rv:66.0) Gecko/20100101 Firefox/66.0**Accept: image/webp,*/***Accept-Language: en-US,en;q=0.5**Accept-Encoding: gzip, deflate**Connection: keep-alive**Cookie: _ga=GA1.1.704171331.1551282340****:2
SORRY: failed to open file:favicon.ico
 INFO: nweb starting:13456:3991
 INFO: listenfd:(null):3
 INFO: socketfd:(null):4
 INFO: request:GET / HTTP/1.1**Host: localhost:13456**User-Agent: Mozilla/5.0 (X11; Ubuntu; Linux x86_64; rv:66.0) Gecko/20100101 Firefox/66.0**Accept: text/html,application/xhtml+xml,application/xml;q=0.9,*/*;q=0.8**Accept-Language: en-US,en;q=0.5**Accept-Encoding: gzip, deflate**Connection: keep-alive**Cookie: _ga=GA1.1.704171331.1551282340**Upgrade-Insecure-Requests: 1****:1
 INFO: SEND:index.html:1
 INFO: socketfd:(null):4
 INFO: request:GET /favicon.ico HTTP/1.1**Host: localhost:13456**User-Agent: Mozilla/5.0 (X11; Ubuntu; Linux x86_64; rv:66.0) Gecko/20100101 Firefox/66.0**Accept: image/webp,*/***Accept-Language: en-US,en;q=0.5**Accept-Encoding: gzip, deflate**Connection: keep-alive**Cookie: _ga=GA1.1.704171331.1551282340****:2
SORRY: failed to open file:favicon.ico
 INFO: socketfd:(null):4
 INFO: request:GET /favicon.ico HTTP/1.1**Host: localhost:13456**User-Agent: Mozilla/5.0 (X11; Ubuntu; Linux x86_64; rv:66.0) Gecko/20100101 Firefox/66.0**Accept: image/webp,*/***Accept-Language: en-US,en;q=0.5**Accept-Encoding: gzip, deflate**Connection: keep-alive**Cookie: _ga=GA1.1.704171331.1551282340****:3
SORRY: failed to open file:favicon.ico
 INFO: nweb starting:13457:4014
 INFO: listenfd:(null):3
 INFO: socketfd:(null):4
 INFO: request:GET / HTTP/1.1**Host: localhost:13457**User-Agent: Mozilla/5.0 (X11; Ubuntu; Linux x86_64; rv:66.0) Gecko/20100101 Firefox/66.0**Accept: text/html,application/xhtml+xml,application/xml;q=0.9,*/*;q=0.8**Accept-Language: en-US,en;q=0.5**Accept-Encoding: gzip, deflate**Connection: keep-alive**Cookie: _ga=GA1.1.704171331.1551282340**Upgrade-Insecure-Requests: 1****:1
 INFO: SEND:index.html:1
 INFO: socketfd:(null):4
 INFO: request:GET /favicon.ico HTTP/1.1**Host: localhost:13457**User-Agent: Mozilla/5.0 (X11; Ubuntu; Linux x86_64; rv:66.0) Gecko/20100101 Firefox/66.0**Accept: image/webp,*/***Accept-Language: en-US,en;q=0.5**Accept-Encoding: gzip, deflate**Connection: keep-alive**Cookie: _ga=GA1.1.704171331.1551282340****:2
SORRY: failed to open file:favicon.ico
 INFO: socketfd:(null):4
 INFO: request:GET / HTTP/1.1**Host: localhost:13457**User-Agent: Mozilla/5.0 (X11; Ubuntu; Linux x86_64; rv:66.0) Gecko/20100101 Firefox/66.0**Accept: text/html,application/xhtml+xml,application/xml;q=0.9,*/*;q=0.8**Accept-Language: en-US,en;q=0.5**Accept-Encoding: gzip, deflate**Connection: keep-alive**Cookie: _ga=GA1.1.704171331.1551282340**Upgrade-Insecure-Requests: 1**Cache-Control: max-age=0****:3
 INFO: SEND:index.html:3
 INFO: socketfd:(null):4
 INFO: request:GET /favicon.ico HTTP/1.1**Host: localhost:13457**User-Agent: Mozilla/5.0 (X11; Ubuntu; Linux x86_64; rv:66.0) Gecko/20100101 Firefox/66.0**Accept: image/webp,*/***Accept-Language: en-US,en;q=0.5**Accept-Encoding: gzip, deflate**Connection: keep-alive**Cookie: _ga=GA1.1.704171331.1551282340**Cache-Control: max-age=0****:4
SORRY: failed to open file:favicon.ico
 INFO: socketfd:(null):4
 INFO: request:GET / HTTP/1.1**Host: localhost:13457**User-Agent: Mozilla/5.0 (X11; Ubuntu; Linux x86_64; rv:66.0) Gecko/20100101 Firefox/66.0**Accept: text/html,application/xhtml+xml,application/xml;q=0.9,*/*;q=0.8**Accept-Language: en-US,en;q=0.5**Accept-Encoding: gzip, deflate**Connection: keep-alive**Cookie: _ga=GA1.1.704171331.1551282340**Upgrade-Insecure-Requests: 1**Cache-Control: max-age=0****:5
 INFO: SEND:index.html:5
 INFO: socketfd:(null):4
 INFO: request:GET /favicon.ico HTTP/1.1**Host: localhost:13457**User-Agent: Mozilla/5.0 (X11; Ubuntu; Linux x86_64; rv:66.0) Gecko/20100101 Firefox/66.0**Accept: image/webp,*/***Accept-Language: en-US,en;q=0.5**Accept-Encoding: gzip, deflate**Connection: keep-alive**Cookie: _ga=GA1.1.704171331.1551282340**Cache-Control: max-age=0****:6
SORRY: failed to open file:favicon.ico
 INFO: socketfd:(null):4
 INFO: request:GET / HTTP/1.1**Host: localhost:13457**User-Agent: Mozilla/5.0 (X11; Ubuntu; Linux x86_64; rv:66.0) Gecko/20100101 Firefox/66.0**Accept: text/html,application/xhtml+xml,application/xml;q=0.9,*/*;q=0.8**Accept-Language: en-US,en;q=0.5**Accept-Encoding: gzip, deflate**Connection: keep-alive**Cookie: _ga=GA1.1.704171331.1551282340**Upgrade-Insecure-Requests: 1**Cache-Control: max-age=0****:7
 INFO: SEND:index.html:7
 INFO: socketfd:(null):4
 INFO: request:GET /favicon.ico HTTP/1.1**Host: localhost:13457**User-Agent: Mozilla/5.0 (X11; Ubuntu; Linux x86_64; rv:66.0) Gecko/20100101 Firefox/66.0**Accept: image/webp,*/***Accept-Language: en-US,en;q=0.5**Accept-Encoding: gzip, deflate**Connection: keep-alive**Cookie: _ga=GA1.1.704171331.1551282340**Cache-Control: max-age=0****:8
SORRY: failed to open file:favicon.ico
 INFO: socketfd:(null):4
 INFO: request:GET / HTTP/1.1**Host: localhost:13457**User-Agent: Mozilla/5.0 (X11; Ubuntu; Linux x86_64; rv:66.0) Gecko/20100101 Firefox/66.0**Accept: text/html,application/xhtml+xml,application/xml;q=0.9,*/*;q=0.8**Accept-Language: en-US,en;q=0.5**Accept-Encoding: gzip, deflate**Connection: keep-alive**Cookie: _ga=GA1.1.704171331.1551282340**Upgrade-Insecure-Requests: 1**Cache-Control: max-age=0****:9
 INFO: SEND:index.html:9
 INFO: socketfd:(null):4
 INFO: request:GET /favicon.ico HTTP/1.1**Host: localhost:13457**User-Agent: Mozilla/5.0 (X11; Ubuntu; Linux x86_64; rv:66.0) Gecko/20100101 Firefox/66.0**Accept: image/webp,*/***Accept-Language: en-US,en;q=0.5**Accept-Encoding: gzip, deflate**Connection: keep-alive**Cookie: _ga=GA1.1.704171331.1551282340**Cache-Control: max-age=0****:10
SORRY: failed to open file:favicon.ico
 INFO: nweb starting:13444:4257
 INFO: listenfd:(null):3
 INFO: socketfd:(null):4
 INFO: request:GET / HTTP/1.1**Host: localhost:13444**User-Agent: Mozilla/5.0 (X11; Ubuntu; Linux x86_64; rv:66.0) Gecko/20100101 Firefox/66.0**Accept: text/html,application/xhtml+xml,application/xml;q=0.9,*/*;q=0.8**Accept-Language: en-US,en;q=0.5**Accept-Encoding: gzip, deflate**Connection: keep-alive**Cookie: _ga=GA1.1.704171331.1551282340**Upgrade-Insecure-Requests: 1****:1
 INFO: SEND:index.html:1
 INFO: socketfd:(null):4
 INFO: request:GET /media/nxp.png HTTP/1.1**Host: localhost:13444**User-Agent: Mozilla/5.0 (X11; Ubuntu; Linux x86_64; rv:66.0) Gecko/20100101 Firefox/66.0**Accept: image/webp,*/***Accept-Language: en-US,en;q=0.5**Accept-Encoding: gzip, deflate**Referer: http://localhost:13444/**Connection: keep-alive**Cookie: _ga=GA1.1.704171331.1551282340****:2
 INFO: SEND:media/nxp.png:2
 INFO: socketfd:(null):4
 INFO: request:GET /favicon.ico HTTP/1.1**Host: localhost:13444**User-Agent: Mozilla/5.0 (X11; Ubuntu; Linux x86_64; rv:66.0) Gecko/20100101 Firefox/66.0**Accept: image/webp,*/***Accept-Language: en-US,en;q=0.5**Accept-Encoding: gzip, deflate**Connection: keep-alive**Cookie: _ga=GA1.1.704171331.1551282340****:3
SORRY: failed to open file:favicon.ico
 INFO: socketfd:(null):4
 INFO: socketfd:(null):4
 INFO: request:GET / HTTP/1.1**Host: localhost:13444**User-Agent: Mozilla/5.0 (X11; Ubuntu; Linux x86_64; rv:66.0) Gecko/20100101 Firefox/66.0**Accept: text/html,application/xhtml+xml,application/xml;q=0.9,*/*;q=0.8**Accept-Language: en-US,en;q=0.5**Accept-Encoding: gzip, deflate**Connection: keep-alive**Cookie: _ga=GA1.1.704171331.1551282340**Upgrade-Insecure-Requests: 1**Cache-Control: max-age=0****:4
 INFO: SEND:index.html:4
 INFO: request:GET /media/nxp.png HTTP/1.1**Host: localhost:13444**User-Agent: Mozilla/5.0 (X11; Ubuntu; Linux x86_64; rv:66.0) Gecko/20100101 Firefox/66.0**Accept: image/webp,*/***Accept-Language: en-US,en;q=0.5**Accept-Encoding: gzip, deflate**Referer: http://localhost:13444/**Connection: keep-alive**Cookie: _ga=GA1.1.704171331.1551282340**Cache-Control: max-age=0****:5
 INFO: SEND:media/nxp.png:5
 INFO: socketfd:(null):4
 INFO: request:GET /favicon.ico HTTP/1.1**Host: localhost:13444**User-Agent: Mozilla/5.0 (X11; Ubuntu; Linux x86_64; rv:66.0) Gecko/20100101 Firefox/66.0**Accept: image/webp,*/***Accept-Language: en-US,en;q=0.5**Accept-Encoding: gzip, deflate**Connection: keep-alive**Cookie: _ga=GA1.1.704171331.1551282340**Cache-Control: max-age=0****:6
SORRY: failed to open file:favicon.ico
 INFO: socketfd:(null):4
 INFO: request:GET / HTTP/1.1**Host: localhost:13444**User-Agent: Mozilla/5.0 (X11; Ubuntu; Linux x86_64; rv:66.0) Gecko/20100101 Firefox/66.0**Accept: text/html,application/xhtml+xml,application/xml;q=0.9,*/*;q=0.8**Accept-Language: en-US,en;q=0.5**Accept-Encoding: gzip, deflate**Connection: keep-alive**Cookie: _ga=GA1.1.704171331.1551282340**Upgrade-Insecure-Requests: 1**Cache-Control: max-age=0****:7
 INFO: SEND:index.html:7
 INFO: socketfd:(null):4
 INFO: request:GET /media/nxp.png HTTP/1.1**Host: localhost:13444**User-Agent: Mozilla/5.0 (X11; Ubuntu; Linux x86_64; rv:66.0) Gecko/20100101 Firefox/66.0**Accept: image/webp,*/***Accept-Language: en-US,en;q=0.5**Accept-Encoding: gzip, deflate**Referer: http://localhost:13444/**Connection: keep-alive**Cookie: _ga=GA1.1.704171331.1551282340**Cache-Control: max-age=0****:8
 INFO: SEND:media/nxp.png:8
 INFO: socketfd:(null):4
 INFO: request:GET /favicon.ico HTTP/1.1**Host: localhost:13444**User-Agent: Mozilla/5.0 (X11; Ubuntu; Linux x86_64; rv:66.0) Gecko/20100101 Firefox/66.0**Accept: image/webp,*/***Accept-Language: en-US,en;q=0.5**Accept-Encoding: gzip, deflate**Connection: keep-alive**Cookie: _ga=GA1.1.704171331.1551282340**Cache-Control: max-age=0****:9
SORRY: failed to open file:favicon.ico
 INFO: socketfd:(null):4
 INFO: request:GET / HTTP/1.1**Host: localhost:13444**User-Agent: Mozilla/5.0 (X11; Ubuntu; Linux x86_64; rv:66.0) Gecko/20100101 Firefox/66.0**Accept: text/html,application/xhtml+xml,application/xml;q=0.9,*/*;q=0.8**Accept-Language: en-US,en;q=0.5**Accept-Encoding: gzip, deflate**Connection: keep-alive**Cookie: _ga=GA1.1.704171331.1551282340**Upgrade-Insecure-Requests: 1**Cache-Control: max-age=0****:10
 INFO: SEND:index.html:10
 INFO: socketfd:(null):4
 INFO: request:GET /media/nxp.png HTTP/1.1**Host: localhost:13444**User-Agent: Mozilla/5.0 (X11; Ubuntu; Linux x86_64; rv:66.0) Gecko/20100101 Firefox/66.0**Accept: image/webp,*/***Accept-Language: en-US,en;q=0.5**Accept-Encoding: gzip, deflate**Referer: http://localhost:13444/**Connection: keep-alive**Cookie: _ga=GA1.1.704171331.1551282340**Cache-Control: max-age=0****:11
 INFO: SEND:media/nxp.png:11
 INFO: socketfd:(null):4
 INFO: request:GET /favicon.ico HTTP/1.1**Host: localhost:13444**User-Agent: Mozilla/5.0 (X11; Ubuntu; Linux x86_64; rv:66.0) Gecko/20100101 Firefox/66.0**Accept: image/webp,*/***Accept-Language: en-US,en;q=0.5**Accept-Encoding: gzip, deflate**Connection: keep-alive**Cookie: _ga=GA1.1.704171331.1551282340**Cache-Control: max-age=0****:12
SORRY: failed to open file:favicon.ico
 INFO: socketfd:(null):4
 INFO: request:GET / HTTP/1.1**Host: localhost:13444**User-Agent: Mozilla/5.0 (X11; Ubuntu; Linux x86_64; rv:66.0) Gecko/20100101 Firefox/66.0**Accept: text/html,application/xhtml+xml,application/xml;q=0.9,*/*;q=0.8**Accept-Language: en-US,en;q=0.5**Accept-Encoding: gzip, deflate**Connection: keep-alive**Cookie: _ga=GA1.1.704171331.1551282340**Upgrade-Insecure-Requests: 1**Cache-Control: max-age=0****:13
 INFO: SEND:index.html:13
 INFO: socketfd:(null):4
 INFO: request:GET /media/nxp.png HTTP/1.1**Host: localhost:13444**User-Agent: Mozilla/5.0 (X11; Ubuntu; Linux x86_64; rv:66.0) Gecko/20100101 Firefox/66.0**Accept: image/webp,*/***Accept-Language: en-US,en;q=0.5**Accept-Encoding: gzip, deflate**Referer: http://localhost:13444/**Connection: keep-alive**Cookie: _ga=GA1.1.704171331.1551282340**Cache-Control: max-age=0****:14
 INFO: SEND:media/nxp.png:14
 INFO: socketfd:(null):4
 INFO: request:GET /favicon.ico HTTP/1.1**Host: localhost:13444**User-Agent: Mozilla/5.0 (X11; Ubuntu; Linux x86_64; rv:66.0) Gecko/20100101 Firefox/66.0**Accept: image/webp,*/***Accept-Language: en-US,en;q=0.5**Accept-Encoding: gzip, deflate**Connection: keep-alive**Cookie: _ga=GA1.1.704171331.1551282340**Cache-Control: max-age=0****:15
SORRY: failed to open file:favicon.ico
 INFO: socketfd:(null):4
 INFO: request:GET / HTTP/1.1**Host: localhost:13444**User-Agent: Mozilla/5.0 (X11; Ubuntu; Linux x86_64; rv:66.0) Gecko/20100101 Firefox/66.0**Accept: text/html,application/xhtml+xml,application/xml;q=0.9,*/*;q=0.8**Accept-Language: en-US,en;q=0.5**Accept-Encoding: gzip, deflate**Connection: keep-alive**Cookie: _ga=GA1.1.704171331.1551282340**Upgrade-Insecure-Requests: 1**Cache-Control: max-age=0****:16
 INFO: SEND:index.html:16
 INFO: socketfd:(null):4
 INFO: request:GET /media/nxp.png HTTP/1.1**Host: localhost:13444**User-Agent: Mozilla/5.0 (X11; Ubuntu; Linux x86_64; rv:66.0) Gecko/20100101 Firefox/66.0**Accept: image/webp,*/***Accept-Language: en-US,en;q=0.5**Accept-Encoding: gzip, deflate**Referer: http://localhost:13444/**Connection: keep-alive**Cookie: _ga=GA1.1.704171331.1551282340**Cache-Control: max-age=0****:17
 INFO: SEND:media/nxp.png:17
 INFO: socketfd:(null):4
 INFO: request:GET /favicon.ico HTTP/1.1**Host: localhost:13444**User-Agent: Mozilla/5.0 (X11; Ubuntu; Linux x86_64; rv:66.0) Gecko/20100101 Firefox/66.0**Accept: image/webp,*/***Accept-Language: en-US,en;q=0.5**Accept-Encoding: gzip, deflate**Connection: keep-alive**Cookie: _ga=GA1.1.704171331.1551282340**Cache-Control: max-age=0****:18
SORRY: failed to open file:favicon.ico
 INFO: socketfd:(null):4
 INFO: request:GET / HTTP/1.1**Host: localhost:13444**User-Agent: Mozilla/5.0 (X11; Ubuntu; Linux x86_64; rv:66.0) Gecko/20100101 Firefox/66.0**Accept: text/html,application/xhtml+xml,application/xml;q=0.9,*/*;q=0.8**Accept-Language: en-US,en;q=0.5**Accept-Encoding: gzip, deflate**Connection: keep-alive**Cookie: _ga=GA1.1.704171331.1551282340**Upgrade-Insecure-Requests: 1**Cache-Control: max-age=0****:19
 INFO: SEND:index.html:19
 INFO: socketfd:(null):4
 INFO: request:GET /media/nxp.png HTTP/1.1**Host: localhost:13444**User-Agent: Mozilla/5.0 (X11; Ubuntu; Linux x86_64; rv:66.0) Gecko/20100101 Firefox/66.0**Accept: image/webp,*/***Accept-Language: en-US,en;q=0.5**Accept-Encoding: gzip, deflate**Referer: http://localhost:13444/**Connection: keep-alive**Cookie: _ga=GA1.1.704171331.1551282340**Cache-Control: max-age=0****:20
 INFO: SEND:media/nxp.png:20
 INFO: socketfd:(null):4
 INFO: request:GET /favicon.ico HTTP/1.1**Host: localhost:13444**User-Agent: Mozilla/5.0 (X11; Ubuntu; Linux x86_64; rv:66.0) Gecko/20100101 Firefox/66.0**Accept: image/webp,*/***Accept-Language: en-US,en;q=0.5**Accept-Encoding: gzip, deflate**Connection: keep-alive**Cookie: _ga=GA1.1.704171331.1551282340**Cache-Control: max-age=0****:21
SORRY: failed to open file:favicon.ico
 INFO: socketfd:(null):4
 INFO: request:GET / HTTP/1.1**Host: localhost:13444**User-Agent: Mozilla/5.0 (X11; Ubuntu; Linux x86_64; rv:66.0) Gecko/20100101 Firefox/66.0**Accept: text/html,application/xhtml+xml,application/xml;q=0.9,*/*;q=0.8**Accept-Language: en-US,en;q=0.5**Accept-Encoding: gzip, deflate**Connection: keep-alive**Cookie: _ga=GA1.1.704171331.1551282340**Upgrade-Insecure-Requests: 1**Cache-Control: max-age=0****:22
 INFO: SEND:index.html:22
 INFO: socketfd:(null):4
 INFO: request:GET /media/nxp.png HTTP/1.1**Host: localhost:13444**User-Agent: Mozilla/5.0 (X11; Ubuntu; Linux x86_64; rv:66.0) Gecko/20100101 Firefox/66.0**Accept: image/webp,*/***Accept-Language: en-US,en;q=0.5**Accept-Encoding: gzip, deflate**Referer: http://localhost:13444/**Connection: keep-alive**Cookie: _ga=GA1.1.704171331.1551282340**Cache-Control: max-age=0****:23
 INFO: SEND:media/nxp.png:23
 INFO: socketfd:(null):4
 INFO: request:GET /favicon.ico HTTP/1.1**Host: localhost:13444**User-Agent: Mozilla/5.0 (X11; Ubuntu; Linux x86_64; rv:66.0) Gecko/20100101 Firefox/66.0**Accept: image/webp,*/***Accept-Language: en-US,en;q=0.5**Accept-Encoding: gzip, deflate**Connection: keep-alive**Cookie: _ga=GA1.1.704171331.1551282340**Cache-Control: max-age=0****:24
SORRY: failed to open file:favicon.ico
 INFO: socketfd:(null):4
 INFO: request:GET / HTTP/1.1**Host: localhost:13444**User-Agent: Mozilla/5.0 (X11; Ubuntu; Linux x86_64; rv:66.0) Gecko/20100101 Firefox/66.0**Accept: text/html,application/xhtml+xml,application/xml;q=0.9,*/*;q=0.8**Accept-Language: en-US,en;q=0.5**Accept-Encoding: gzip, deflate**Connection: keep-alive**Cookie: _ga=GA1.1.704171331.1551282340**Upgrade-Insecure-Requests: 1**Cache-Control: max-age=0****:25
 INFO: SEND:index.html:25
 INFO: socketfd:(null):4
 INFO: request:GET /media/nxp.png HTTP/1.1**Host: localhost:13444**User-Agent: Mozilla/5.0 (X11; Ubuntu; Linux x86_64; rv:66.0) Gecko/20100101 Firefox/66.0**Accept: image/webp,*/***Accept-Language: en-US,en;q=0.5**Accept-Encoding: gzip, deflate**Referer: http://localhost:13444/**Connection: keep-alive**Cookie: _ga=GA1.1.704171331.1551282340**Cache-Control: max-age=0****:26
 INFO: SEND:media/nxp.png:26
 INFO: socketfd:(null):4
 INFO: request:GET /favicon.ico HTTP/1.1**Host: localhost:13444**User-Agent: Mozilla/5.0 (X11; Ubuntu; Linux x86_64; rv:66.0) Gecko/20100101 Firefox/66.0**Accept: image/webp,*/***Accept-Language: en-US,en;q=0.5**Accept-Encoding: gzip, deflate**Connection: keep-alive**Cookie: _ga=GA1.1.704171331.1551282340**Cache-Control: max-age=0****:27
SORRY: failed to open file:favicon.ico
 INFO: socketfd:(null):4
 INFO: request:GET / HTTP/1.1**Host: localhost:13444**User-Agent: Mozilla/5.0 (X11; Ubuntu; Linux x86_64; rv:66.0) Gecko/20100101 Firefox/66.0**Accept: text/html,application/xhtml+xml,application/xml;q=0.9,*/*;q=0.8**Accept-Language: en-US,en;q=0.5**Accept-Encoding: gzip, deflate**Connection: keep-alive**Cookie: _ga=GA1.1.704171331.1551282340**Upgrade-Insecure-Requests: 1**Cache-Control: max-age=0****:28
 INFO: SEND:index.html:28
 INFO: socketfd:(null):4
 INFO: request:GET /media/nxp.png HTTP/1.1**Host: localhost:13444**User-Agent: Mozilla/5.0 (X11; Ubuntu; Linux x86_64; rv:66.0) Gecko/20100101 Firefox/66.0**Accept: image/webp,*/***Accept-Language: en-US,en;q=0.5**Accept-Encoding: gzip, deflate**Referer: http://localhost:13444/**Connection: keep-alive**Cookie: _ga=GA1.1.704171331.1551282340**Cache-Control: max-age=0****:29
 INFO: SEND:media/nxp.png:29
 INFO: socketfd:(null):4
 INFO: request:GET /favicon.ico HTTP/1.1**Host: localhost:13444**User-Agent: Mozilla/5.0 (X11; Ubuntu; Linux x86_64; rv:66.0) Gecko/20100101 Firefox/66.0**Accept: image/webp,*/***Accept-Language: en-US,en;q=0.5**Accept-Encoding: gzip, deflate**Connection: keep-alive**Cookie: _ga=GA1.1.704171331.1551282340**Cache-Control: max-age=0****:30
SORRY: failed to open file:favicon.ico
 INFO: socketfd:(null):4
 INFO: request:GET / HTTP/1.1**Host: 10.29.244.160:13444**User-Agent: Mozilla/5.0 (X11; Ubuntu; Linux x86_64; rv:66.0) Gecko/20100101 Firefox/66.0**Accept: text/html,application/xhtml+xml,application/xml;q=0.9,*/*;q=0.8**Accept-Language: en-US,en;q=0.5**Accept-Encoding: gzip, deflate**Connection: keep-alive**Upgrade-Insecure-Requests: 1****:31
 INFO: SEND:index.html:31
 INFO: socketfd:(null):4
 INFO: request:GET /media/nxp.png HTTP/1.1**Host: 10.29.244.160:13444**User-Agent: Mozilla/5.0 (X11; Ubuntu; Linux x86_64; rv:66.0) Gecko/20100101 Firefox/66.0**Accept: image/webp,*/***Accept-Language: en-US,en;q=0.5**Accept-Encoding: gzip, deflate**Referer: http://10.29.244.160:13444/**Connection: keep-alive****:32
 INFO: SEND:media/nxp.png:32
 INFO: socketfd:(null):4
 INFO: request:GET /favicon.ico HTTP/1.1**Host: 10.29.244.160:13444**User-Agent: Mozilla/5.0 (X11; Ubuntu; Linux x86_64; rv:66.0) Gecko/20100101 Firefox/66.0**Accept: image/webp,*/***Accept-Language: en-US,en;q=0.5**Accept-Encoding: gzip, deflate**Connection: keep-alive****:33
SORRY: failed to open file:favicon.ico
 INFO: socketfd:(null):4
 INFO: request:GET / HTTP/1.1**Host: 10.29.244.160:13444**User-Agent: Mozilla/5.0 (X11; Ubuntu; Linux x86_64; rv:66.0) Gecko/20100101 Firefox/66.0**Accept: text/html,application/xhtml+xml,application/xml;q=0.9,*/*;q=0.8**Accept-Language: en-US,en;q=0.5**Accept-Encoding: gzip, deflate**Connection: keep-alive**Upgrade-Insecure-Requests: 1****:34
 INFO: SEND:index.html:34
 INFO: socketfd:(null):4
 INFO: request:GET /media/nxp.png HTTP/1.1**Host: 10.29.244.160:13444**User-Agent: Mozilla/5.0 (X11; Ubuntu; Linux x86_64; rv:66.0) Gecko/20100101 Firefox/66.0**Accept: image/webp,*/***Accept-Language: en-US,en;q=0.5**Accept-Encoding: gzip, deflate**Referer: http://10.29.244.160:13444/**Connection: keep-alive****:35
 INFO: SEND:media/nxp.png:35
 INFO: socketfd:(null):4
 INFO: request:GET /favicon.ico HTTP/1.1**Host: 10.29.244.160:13444**User-Agent: Mozilla/5.0 (X11; Ubuntu; Linux x86_64; rv:66.0) Gecko/20100101 Firefox/66.0**Accept: image/webp,*/***Accept-Language: en-US,en;q=0.5**Accept-Encoding: gzip, deflate**Connection: keep-alive****:36
SORRY: failed to open file:favicon.ico
 INFO: nweb starting:21400:4465
 INFO: listenfd:(null):3
 INFO: socketfd:(null):4
 INFO: request:GET / HTTP/1.1**Host: 10.29.244.160:21400**User-Agent: Mozilla/5.0 (X11; Ubuntu; Linux x86_64; rv:66.0) Gecko/20100101 Firefox/66.0**Accept: text/html,application/xhtml+xml,application/xml;q=0.9,*/*;q=0.8**Accept-Language: en-US,en;q=0.5**Accept-Encoding: gzip, deflate**Connection: keep-alive**Upgrade-Insecure-Requests: 1****:1
 INFO: SEND:index.html:1
 INFO: socketfd:(null):4
 INFO: request:GET /media/nxp.png HTTP/1.1**Host: 10.29.244.160:21400**User-Agent: Mozilla/5.0 (X11; Ubuntu; Linux x86_64; rv:66.0) Gecko/20100101 Firefox/66.0**Accept: image/webp,*/***Accept-Language: en-US,en;q=0.5**Accept-Encoding: gzip, deflate**Referer: http://10.29.244.160:21400/**Connection: keep-alive****:2
 INFO: SEND:media/nxp.png:2
 INFO: socketfd:(null):4
 INFO: request:GET /favicon.ico HTTP/1.1**Host: 10.29.244.160:21400**User-Agent: Mozilla/5.0 (X11; Ubuntu; Linux x86_64; rv:66.0) Gecko/20100101 Firefox/66.0**Accept: image/webp,*/***Accept-Language: en-US,en;q=0.5**Accept-Encoding: gzip, deflate**Connection: keep-alive****:3
SORRY: failed to open file:favicon.ico
 INFO: socketfd:(null):4
 INFO: request:GET / HTTP/1.1**Host: 10.29.244.160:21400**User-Agent: Mozilla/5.0 (X11; Ubuntu; Linux x86_64; rv:66.0) Gecko/20100101 Firefox/66.0**Accept: text/html,application/xhtml+xml,application/xml;q=0.9,*/*;q=0.8**Accept-Language: en-US,en;q=0.5**Accept-Encoding: gzip, deflate**Connection: keep-alive**Upgrade-Insecure-Requests: 1**Cache-Control: max-age=0****:4
 INFO: SEND:index.html:4
 INFO: socketfd:(null):4
 INFO: request:GET /media/nxp.png HTTP/1.1**Host: 10.29.244.160:21400**User-Agent: Mozilla/5.0 (X11; Ubuntu; Linux x86_64; rv:66.0) Gecko/20100101 Firefox/66.0**Accept: image/webp,*/***Accept-Language: en-US,en;q=0.5**Accept-Encoding: gzip, deflate**Referer: http://10.29.244.160:21400/**Connection: keep-alive**Cache-Control: max-age=0****:5
 INFO: SEND:media/nxp.png:5
 INFO: socketfd:(null):4
 INFO: request:GET /favicon.ico HTTP/1.1**Host: 10.29.244.160:21400**User-Agent: Mozilla/5.0 (X11; Ubuntu; Linux x86_64; rv:66.0) Gecko/20100101 Firefox/66.0**Accept: image/webp,*/***Accept-Language: en-US,en;q=0.5**Accept-Encoding: gzip, deflate**Connection: keep-alive**Cache-Control: max-age=0****:6
SORRY: failed to open file:favicon.ico
 INFO: socketfd:(null):4
 INFO: request:GET / HTTP/1.1**Host: 10.29.244.160:21400**User-Agent: Mozilla/5.0 (X11; Ubuntu; Linux x86_64; rv:66.0) Gecko/20100101 Firefox/66.0**Accept: text/html,application/xhtml+xml,application/xml;q=0.9,*/*;q=0.8**Accept-Language: en-US,en;q=0.5**Accept-Encoding: gzip, deflate**Connection: keep-alive**Upgrade-Insecure-Requests: 1**Cache-Control: max-age=0****:7
 INFO: SEND:index.html:7
 INFO: socketfd:(null):4
 INFO: request:GET /media/nxp.png HTTP/1.1**Host: 10.29.244.160:21400**User-Agent: Mozilla/5.0 (X11; Ubuntu; Linux x86_64; rv:66.0) Gecko/20100101 Firefox/66.0**Accept: image/webp,*/***Accept-Language: en-US,en;q=0.5**Accept-Encoding: gzip, deflate**Referer: http://10.29.244.160:21400/**Connection: keep-alive**Cache-Control: max-age=0****:8
 INFO: SEND:media/nxp.png:8
 INFO: socketfd:(null):4
 INFO: request:GET /favicon.ico HTTP/1.1**Host: 10.29.244.160:21400**User-Agent: Mozilla/5.0 (X11; Ubuntu; Linux x86_64; rv:66.0) Gecko/20100101 Firefox/66.0**Accept: image/webp,*/***Accept-Language: en-US,en;q=0.5**Accept-Encoding: gzip, deflate**Connection: keep-alive**Cache-Control: max-age=0****:9
SORRY: failed to open file:favicon.ico
 INFO: socketfd:(null):4
 INFO: request:GET / HTTP/1.1**Host: 10.29.244.160:21400**User-Agent: Mozilla/5.0 (X11; Ubuntu; Linux x86_64; rv:66.0) Gecko/20100101 Firefox/66.0**Accept: text/html,application/xhtml+xml,application/xml;q=0.9,*/*;q=0.8**Accept-Language: en-US,en;q=0.5**Accept-Encoding: gzip, deflate**Connection: keep-alive**Upgrade-Insecure-Requests: 1**Cache-Control: max-age=0****:10
 INFO: SEND:index.html:10
 INFO: socketfd:(null):4
 INFO: request:GET /media/nxp.png HTTP/1.1**Host: 10.29.244.160:21400**User-Agent: Mozilla/5.0 (X11; Ubuntu; Linux x86_64; rv:66.0) Gecko/20100101 Firefox/66.0**Accept: image/webp,*/***Accept-Language: en-US,en;q=0.5**Accept-Encoding: gzip, deflate**Referer: http://10.29.244.160:21400/**Connection: keep-alive**Cache-Control: max-age=0****:11
 INFO: SEND:media/nxp.png:11
 INFO: socketfd:(null):4
 INFO: request:GET /favicon.ico HTTP/1.1**Host: 10.29.244.160:21400**User-Agent: Mozilla/5.0 (X11; Ubuntu; Linux x86_64; rv:66.0) Gecko/20100101 Firefox/66.0**Accept: image/webp,*/***Accept-Language: en-US,en;q=0.5**Accept-Encoding: gzip, deflate**Connection: keep-alive**Cache-Control: max-age=0****:12
SORRY: failed to open file:favicon.ico
 INFO: socketfd:(null):4
 INFO: request:GET / HTTP/1.1**Host: 10.29.244.160:21400**User-Agent: Mozilla/5.0 (X11; Ubuntu; Linux x86_64; rv:66.0) Gecko/20100101 Firefox/66.0**Accept: text/html,application/xhtml+xml,application/xml;q=0.9,*/*;q=0.8**Accept-Language: en-US,en;q=0.5**Accept-Encoding: gzip, deflate**Connection: keep-alive**Upgrade-Insecure-Requests: 1**Cache-Control: max-age=0****:13
 INFO: SEND:index.html:13
 INFO: socketfd:(null):4
 INFO: request:GET /media/nxp.png HTTP/1.1**Host: 10.29.244.160:21400**User-Agent: Mozilla/5.0 (X11; Ubuntu; Linux x86_64; rv:66.0) Gecko/20100101 Firefox/66.0**Accept: image/webp,*/***Accept-Language: en-US,en;q=0.5**Accept-Encoding: gzip, deflate**Referer: http://10.29.244.160:21400/**Connection: keep-alive**Cache-Control: max-age=0****:14
 INFO: SEND:media/nxp.png:14
 INFO: socketfd:(null):4
 INFO: request:GET /favicon.ico HTTP/1.1**Host: 10.29.244.160:21400**User-Agent: Mozilla/5.0 (X11; Ubuntu; Linux x86_64; rv:66.0) Gecko/20100101 Firefox/66.0**Accept: image/webp,*/***Accept-Language: en-US,en;q=0.5**Accept-Encoding: gzip, deflate**Connection: keep-alive**Cache-Control: max-age=0****:15
SORRY: failed to open file:favicon.ico
 INFO: socketfd:(null):4
 INFO: request:GET / HTTP/1.1**Host: 10.29.244.160:21400**User-Agent: Mozilla/5.0 (X11; Ubuntu; Linux x86_64; rv:66.0) Gecko/20100101 Firefox/66.0**Accept: text/html,application/xhtml+xml,application/xml;q=0.9,*/*;q=0.8**Accept-Language: en-US,en;q=0.5**Accept-Encoding: gzip, deflate**Connection: keep-alive**Upgrade-Insecure-Requests: 1**Cache-Control: max-age=0****:16
 INFO: SEND:index.html:16
 INFO: socketfd:(null):4
 INFO: request:GET /media/nxp.png HTTP/1.1**Host: 10.29.244.160:21400**User-Agent: Mozilla/5.0 (X11; Ubuntu; Linux x86_64; rv:66.0) Gecko/20100101 Firefox/66.0**Accept: image/webp,*/***Accept-Language: en-US,en;q=0.5**Accept-Encoding: gzip, deflate**Referer: http://10.29.244.160:21400/**Connection: keep-alive**Cache-Control: max-age=0****:17
 INFO: SEND:media/nxp.png:17
 INFO: socketfd:(null):4
 INFO: request:GET /favicon.ico HTTP/1.1**Host: 10.29.244.160:21400**User-Agent: Mozilla/5.0 (X11; Ubuntu; Linux x86_64; rv:66.0) Gecko/20100101 Firefox/66.0**Accept: image/webp,*/***Accept-Language: en-US,en;q=0.5**Accept-Encoding: gzip, deflate**Connection: keep-alive**Cache-Control: max-age=0****:18
SORRY: failed to open file:favicon.ico
 INFO: socketfd:(null):4
 INFO: request:GET / HTTP/1.1**Host: 10.29.244.160:21400**User-Agent: Mozilla/5.0 (X11; Ubuntu; Linux x86_64; rv:66.0) Gecko/20100101 Firefox/66.0**Accept: text/html,application/xhtml+xml,application/xml;q=0.9,*/*;q=0.8**Accept-Language: en-US,en;q=0.5**Accept-Encoding: gzip, deflate**Connection: keep-alive**Upgrade-Insecure-Requests: 1**Cache-Control: max-age=0****:19
 INFO: SEND:index.html:19
 INFO: socketfd:(null):4
 INFO: request:GET /media/nxp.png HTTP/1.1**Host: 10.29.244.160:21400**User-Agent: Mozilla/5.0 (X11; Ubuntu; Linux x86_64; rv:66.0) Gecko/20100101 Firefox/66.0**Accept: image/webp,*/***Accept-Language: en-US,en;q=0.5**Accept-Encoding: gzip, deflate**Referer: http://10.29.244.160:21400/**Connection: keep-alive**Cache-Control: max-age=0****:20
 INFO: SEND:media/nxp.png:20
 INFO: socketfd:(null):4
 INFO: request:GET /favicon.ico HTTP/1.1**Host: 10.29.244.160:21400**User-Agent: Mozilla/5.0 (X11; Ubuntu; Linux x86_64; rv:66.0) Gecko/20100101 Firefox/66.0**Accept: image/webp,*/***Accept-Language: en-US,en;q=0.5**Accept-Encoding: gzip, deflate**Connection: keep-alive**Cache-Control: max-age=0****:21
SORRY: failed to open file:favicon.ico
 INFO: socketfd:(null):4
 INFO: request:GET / HTTP/1.1**Host: 10.29.244.160:21400**User-Agent: Mozilla/5.0 (X11; Ubuntu; Linux x86_64; rv:66.0) Gecko/20100101 Firefox/66.0**Accept: text/html,application/xhtml+xml,application/xml;q=0.9,*/*;q=0.8**Accept-Language: en-US,en;q=0.5**Accept-Encoding: gzip, deflate**Connection: keep-alive**Upgrade-Insecure-Requests: 1**Cache-Control: max-age=0****:22
 INFO: SEND:index.html:22
 INFO: socketfd:(null):4
 INFO: request:GET /media/nxp.png HTTP/1.1**Host: 10.29.244.160:21400**User-Agent: Mozilla/5.0 (X11; Ubuntu; Linux x86_64; rv:66.0) Gecko/20100101 Firefox/66.0**Accept: image/webp,*/***Accept-Language: en-US,en;q=0.5**Accept-Encoding: gzip, deflate**Referer: http://10.29.244.160:21400/**Connection: keep-alive**Cache-Control: max-age=0****:23
 INFO: SEND:media/nxp.png:23
 INFO: socketfd:(null):4
 INFO: request:GET /favicon.ico HTTP/1.1**Host: 10.29.244.160:21400**User-Agent: Mozilla/5.0 (X11; Ubuntu; Linux x86_64; rv:66.0) Gecko/20100101 Firefox/66.0**Accept: image/webp,*/***Accept-Language: en-US,en;q=0.5**Accept-Encoding: gzip, deflate**Connection: keep-alive**Cache-Control: max-age=0****:24
SORRY: failed to open file:favicon.ico
 INFO: socketfd:(null):4
 INFO: request:GET / HTTP/1.1**Host: 10.29.244.160:21400**User-Agent: Mozilla/5.0 (X11; Ubuntu; Linux x86_64; rv:66.0) Gecko/20100101 Firefox/66.0**Accept: text/html,application/xhtml+xml,application/xml;q=0.9,*/*;q=0.8**Accept-Language: en-US,en;q=0.5**Accept-Encoding: gzip, deflate**Connection: keep-alive**Upgrade-Insecure-Requests: 1**Cache-Control: max-age=0****:25
 INFO: SEND:index.html:25
 INFO: socketfd:(null):4
 INFO: request:GET /media/nxp.png HTTP/1.1**Host: 10.29.244.160:21400**User-Agent: Mozilla/5.0 (X11; Ubuntu; Linux x86_64; rv:66.0) Gecko/20100101 Firefox/66.0**Accept: image/webp,*/***Accept-Language: en-US,en;q=0.5**Accept-Encoding: gzip, deflate**Referer: http://10.29.244.160:21400/**Connection: keep-alive**Cache-Control: max-age=0****:26
 INFO: SEND:media/nxp.png:26
 INFO: socketfd:(null):4
 INFO: request:GET /favicon.ico HTTP/1.1**Host: 10.29.244.160:21400**User-Agent: Mozilla/5.0 (X11; Ubuntu; Linux x86_64; rv:66.0) Gecko/20100101 Firefox/66.0**Accept: image/webp,*/***Accept-Language: en-US,en;q=0.5**Accept-Encoding: gzip, deflate**Connection: keep-alive**Cache-Control: max-age=0****:27
SORRY: failed to open file:favicon.ico
 INFO: socketfd:(null):4
 INFO: request:GET / HTTP/1.1**Host: 10.29.244.160:21400**User-Agent: Mozilla/5.0 (X11; Ubuntu; Linux x86_64; rv:66.0) Gecko/20100101 Firefox/66.0**Accept: text/html,application/xhtml+xml,application/xml;q=0.9,*/*;q=0.8**Accept-Language: en-US,en;q=0.5**Accept-Encoding: gzip, deflate**Connection: keep-alive**Upgrade-Insecure-Requests: 1**Cache-Control: max-age=0****:28
 INFO: SEND:index.html:28
 INFO: socketfd:(null):4
 INFO: request:GET /media/nxp.png HTTP/1.1**Host: 10.29.244.160:21400**User-Agent: Mozilla/5.0 (X11; Ubuntu; Linux x86_64; rv:66.0) Gecko/20100101 Firefox/66.0**Accept: image/webp,*/***Accept-Language: en-US,en;q=0.5**Accept-Encoding: gzip, deflate**Referer: http://10.29.244.160:21400/**Connection: keep-alive**Cache-Control: max-age=0****:29
 INFO: SEND:media/nxp.png:29
 INFO: socketfd:(null):4
 INFO: request:GET /favicon.ico HTTP/1.1**Host: 10.29.244.160:21400**User-Agent: Mozilla/5.0 (X11; Ubuntu; Linux x86_64; rv:66.0) Gecko/20100101 Firefox/66.0**Accept: image/webp,*/***Accept-Language: en-US,en;q=0.5**Accept-Encoding: gzip, deflate**Connection: keep-alive**Cache-Control: max-age=0****:30
SORRY: failed to open file:favicon.ico
 INFO: socketfd:(null):4
 INFO: request:GET / HTTP/1.1**Host: 10.29.244.160:21400**User-Agent: Mozilla/5.0 (X11; Ubuntu; Linux x86_64; rv:66.0) Gecko/20100101 Firefox/66.0**Accept: text/html,application/xhtml+xml,application/xml;q=0.9,*/*;q=0.8**Accept-Language: en-US,en;q=0.5**Accept-Encoding: gzip, deflate**Connection: keep-alive**Upgrade-Insecure-Requests: 1**Cache-Control: max-age=0****:31
 INFO: SEND:index.html:31
 INFO: socketfd:(null):4
 INFO: request:GET /media/nxp.png HTTP/1.1**Host: 10.29.244.160:21400**User-Agent: Mozilla/5.0 (X11; Ubuntu; Linux x86_64; rv:66.0) Gecko/20100101 Firefox/66.0**Accept: image/webp,*/***Accept-Language: en-US,en;q=0.5**Accept-Encoding: gzip, deflate**Referer: http://10.29.244.160:21400/**Connection: keep-alive**Cache-Control: max-age=0****:32
 INFO: SEND:media/nxp.png:32
 INFO: socketfd:(null):4
 INFO: request:GET /favicon.ico HTTP/1.1**Host: 10.29.244.160:21400**User-Agent: Mozilla/5.0 (X11; Ubuntu; Linux x86_64; rv:66.0) Gecko/20100101 Firefox/66.0**Accept: image/webp,*/***Accept-Language: en-US,en;q=0.5**Accept-Encoding: gzip, deflate**Connection: keep-alive**Cache-Control: max-age=0****:33
SORRY: failed to open file:favicon.ico
 INFO: nweb starting:10000:4748
 INFO: listenfd:(null):3
 INFO: socketfd:(null):4
 INFO: request:GET / HTTP/1.1**Host: 10.29.244.160:10000**User-Agent: Mozilla/5.0 (X11; Ubuntu; Linux x86_64; rv:66.0) Gecko/20100101 Firefox/66.0**Accept: text/html,application/xhtml+xml,application/xml;q=0.9,*/*;q=0.8**Accept-Language: en-US,en;q=0.5**Accept-Encoding: gzip, deflate**Connection: keep-alive**Upgrade-Insecure-Requests: 1****:1
 INFO: SEND:index.html:1
 INFO: socketfd:(null):4
 INFO: request:GET /media/nxp.png HTTP/1.1**Host: 10.29.244.160:10000**User-Agent: Mozilla/5.0 (X11; Ubuntu; Linux x86_64; rv:66.0) Gecko/20100101 Firefox/66.0**Accept: image/webp,*/***Accept-Language: en-US,en;q=0.5**Accept-Encoding: gzip, deflate**Referer: http://10.29.244.160:10000/**Connection: keep-alive****:2
 INFO: SEND:media/nxp.png:2
 INFO: socketfd:(null):4
 INFO: request:GET /favicon.ico HTTP/1.1**Host: 10.29.244.160:10000**User-Agent: Mozilla/5.0 (X11; Ubuntu; Linux x86_64; rv:66.0) Gecko/20100101 Firefox/66.0**Accept: image/webp,*/***Accept-Language: en-US,en;q=0.5**Accept-Encoding: gzip, deflate**Connection: keep-alive****:3
SORRY: failed to open file:favicon.ico
 INFO: nweb starting:19000:6395
 INFO: listenfd:(null):3
 INFO: socketfd:(null):4
 INFO: request:GET / HTTP/1.1**Host: 10.29.244.160:19000**User-Agent: Mozilla/5.0 (X11; Ubuntu; Linux x86_64; rv:66.0) Gecko/20100101 Firefox/66.0**Accept: text/html,application/xhtml+xml,application/xml;q=0.9,*/*;q=0.8**Accept-Language: en-US,en;q=0.5**Accept-Encoding: gzip, deflate**Connection: keep-alive**Upgrade-Insecure-Requests: 1****:1
 INFO: SEND:index.html:1
 INFO: socketfd:(null):4
 INFO: request:GET /media/nxp.png HTTP/1.1**Host: 10.29.244.160:19000**User-Agent: Mozilla/5.0 (X11; Ubuntu; Linux x86_64; rv:66.0) Gecko/20100101 Firefox/66.0**Accept: image/webp,*/***Accept-Language: en-US,en;q=0.5**Accept-Encoding: gzip, deflate**Referer: http://10.29.244.160:19000/**Connection: keep-alive****:2
 INFO: SEND:media/nxp.png:2
 INFO: socketfd:(null):4
 INFO: request:GET /favicon.ico HTTP/1.1**Host: 10.29.244.160:19000**User-Agent: Mozilla/5.0 (X11; Ubuntu; Linux x86_64; rv:66.0) Gecko/20100101 Firefox/66.0**Accept: image/webp,*/***Accept-Language: en-US,en;q=0.5**Accept-Encoding: gzip, deflate**Connection: keep-alive****:3
SORRY: failed to open file:favicon.ico
 INFO: nweb starting:1000:8071
 INFO: listenfd:(null):3
ERROR: system call:bind Errno=13 exiting pid=8071
 INFO: nweb starting:10000:8075
 INFO: listenfd:(null):3
 INFO: socketfd:(null):4
 INFO: request:GET / HTTP/1.1**Host: localhost:10000**User-Agent: Mozilla/5.0 (X11; Ubuntu; Linux x86_64; rv:66.0) Gecko/20100101 Firefox/66.0**Accept: text/html,application/xhtml+xml,application/xml;q=0.9,*/*;q=0.8**Accept-Language: en-US,en;q=0.5**Accept-Encoding: gzip, deflate**Connection: keep-alive**Cookie: _ga=GA1.1.704171331.1551282340**Upgrade-Insecure-Requests: 1****:1
 INFO: SEND:index.html:1
 INFO: socketfd:(null):4
 INFO: request:GET /media/nxp.png HTTP/1.1**Host: localhost:10000**User-Agent: Mozilla/5.0 (X11; Ubuntu; Linux x86_64; rv:66.0) Gecko/20100101 Firefox/66.0**Accept: image/webp,*/***Accept-Language: en-US,en;q=0.5**Accept-Encoding: gzip, deflate**Referer: http://localhost:10000/**Connection: keep-alive**Cookie: _ga=GA1.1.704171331.1551282340****:2
 INFO: SEND:media/nxp.png:2
 INFO: socketfd:(null):4
 INFO: request:GET /favicon.ico HTTP/1.1**Host: localhost:10000**User-Agent: Mozilla/5.0 (X11; Ubuntu; Linux x86_64; rv:66.0) Gecko/20100101 Firefox/66.0**Accept: image/webp,*/***Accept-Language: en-US,en;q=0.5**Accept-Encoding: gzip, deflate**Connection: keep-alive**Cookie: _ga=GA1.1.704171331.1551282340****:3
SORRY: failed to open file:favicon.ico
 INFO: listenfd:(null):3
 INFO: listenfd:(null):3
ERROR: system call:bind Errno=13 exiting pid=9485
 INFO: socket listen:(null):3
 INFO: socketfd:(null):4
 INFO: request:GET / HTTP/1.1**Host: localhost:11000**User-Agent: Mozilla/5.0 (X11; Ubuntu; Linux x86_64; rv:66.0) Gecko/20100101 Firefox/66.0**Accept: text/html,application/xhtml+xml,application/xml;q=0.9,*/*;q=0.8**Accept-Language: en-US,en;q=0.5**Accept-Encoding: gzip, deflate**Connection: keep-alive**Cookie: _ga=GA1.1.704171331.1551282340**Upgrade-Insecure-Requests: 1****:1
 INFO: SEND:index.html:1
 INFO: socketfd:(null):4
 INFO: request:GET /media/nxp.png HTTP/1.1**Host: localhost:11000**User-Agent: Mozilla/5.0 (X11; Ubuntu; Linux x86_64; rv:66.0) Gecko/20100101 Firefox/66.0**Accept: image/webp,*/***Accept-Language: en-US,en;q=0.5**Accept-Encoding: gzip, deflate**Referer: http://localhost:11000/**Connection: keep-alive**Cookie: _ga=GA1.1.704171331.1551282340****:2
 INFO: SEND:media/nxp.png:2
 INFO: socketfd:(null):4
 INFO: request:GET /favicon.ico HTTP/1.1**Host: localhost:11000**User-Agent: Mozilla/5.0 (X11; Ubuntu; Linux x86_64; rv:66.0) Gecko/20100101 Firefox/66.0**Accept: image/webp,*/***Accept-Language: en-US,en;q=0.5**Accept-Encoding: gzip, deflate**Connection: keep-alive**Cookie: _ga=GA1.1.704171331.1551282340****:3
SORRY: failed to open file:favicon.ico
 INFO: socket listen:(null):3
 INFO: socketfd:(null):4
 INFO: request:GET / HTTP/1.1**Host: localhost:11000**User-Agent: Mozilla/5.0 (X11; Ubuntu; Linux x86_64; rv:66.0) Gecko/20100101 Firefox/66.0**Accept: text/html,application/xhtml+xml,application/xml;q=0.9,*/*;q=0.8**Accept-Language: en-US,en;q=0.5**Accept-Encoding: gzip, deflate**Connection: keep-alive**Cookie: _ga=GA1.1.704171331.1551282340**Upgrade-Insecure-Requests: 1**Cache-Control: max-age=0****:1
 INFO: SEND:index.html:1
 INFO: socketfd:(null):4
 INFO: request:GET /media/nxp.png HTTP/1.1**Host: localhost:11000**User-Agent: Mozilla/5.0 (X11; Ubuntu; Linux x86_64; rv:66.0) Gecko/20100101 Firefox/66.0**Accept: image/webp,*/***Accept-Language: en-US,en;q=0.5**Accept-Encoding: gzip, deflate**Referer: http://localhost:11000/**Connection: keep-alive**Cookie: _ga=GA1.1.704171331.1551282340**Cache-Control: max-age=0****:2
 INFO: SEND:media/nxp.png:2
 INFO: socketfd:(null):4
 INFO: request:GET /favicon.ico HTTP/1.1**Host: localhost:11000**User-Agent: Mozilla/5.0 (X11; Ubuntu; Linux x86_64; rv:66.0) Gecko/20100101 Firefox/66.0**Accept: image/webp,*/***Accept-Language: en-US,en;q=0.5**Accept-Encoding: gzip, deflate**Connection: keep-alive**Cookie: _ga=GA1.1.704171331.1551282340**Cache-Control: max-age=0****:3
SORRY: failed to open file:favicon.ico
 INFO: socketfd:(null):4
 INFO: request:GET / HTTP/1.1**Host: localhost:11000**User-Agent: Mozilla/5.0 (X11; Ubuntu; Linux x86_64; rv:66.0) Gecko/20100101 Firefox/66.0**Accept: text/html,application/xhtml+xml,application/xml;q=0.9,*/*;q=0.8**Accept-Language: en-US,en;q=0.5**Accept-Encoding: gzip, deflate**Connection: keep-alive**Cookie: _ga=GA1.1.704171331.1551282340**Upgrade-Insecure-Requests: 1**Cache-Control: max-age=0****:4
 INFO: SEND:index.html:4
 INFO: socketfd:(null):4
 INFO: request:GET /media/nxp.png HTTP/1.1**Host: localhost:11000**User-Agent: Mozilla/5.0 (X11; Ubuntu; Linux x86_64; rv:66.0) Gecko/20100101 Firefox/66.0**Accept: image/webp,*/***Accept-Language: en-US,en;q=0.5**Accept-Encoding: gzip, deflate**Referer: http://localhost:11000/**Connection: keep-alive**Cookie: _ga=GA1.1.704171331.1551282340**Cache-Control: max-age=0****:5
 INFO: SEND:media/nxp.png:5
 INFO: socketfd:(null):4
 INFO: request:GET /favicon.ico HTTP/1.1**Host: localhost:11000**User-Agent: Mozilla/5.0 (X11; Ubuntu; Linux x86_64; rv:66.0) Gecko/20100101 Firefox/66.0**Accept: image/webp,*/***Accept-Language: en-US,en;q=0.5**Accept-Encoding: gzip, deflate**Connection: keep-alive**Cookie: _ga=GA1.1.704171331.1551282340**Cache-Control: max-age=0****:6
SORRY: failed to open file:favicon.ico
 INFO: socket listen:(null):3
 INFO: socketfd:(null):4
 INFO: request:GET / HTTP/1.1**Host: localhost:11000**User-Agent: Mozilla/5.0 (X11; Ubuntu; Linux x86_64; rv:66.0) Gecko/20100101 Firefox/66.0**Accept: text/html,application/xhtml+xml,application/xml;q=0.9,*/*;q=0.8**Accept-Language: en-US,en;q=0.5**Accept-Encoding: gzip, deflate**Connection: keep-alive**Cookie: _ga=GA1.1.704171331.1551282340**Upgrade-Insecure-Requests: 1****:1
 INFO: SEND:index.html:1
 INFO: socketfd:(null):4
 INFO: request:GET /media/nxp.png HTTP/1.1**Host: localhost:11000**User-Agent: Mozilla/5.0 (X11; Ubuntu; Linux x86_64; rv:66.0) Gecko/20100101 Firefox/66.0**Accept: image/webp,*/***Accept-Language: en-US,en;q=0.5**Accept-Encoding: gzip, deflate**Referer: http://localhost:11000/**Connection: keep-alive**Cookie: _ga=GA1.1.704171331.1551282340****:2
 INFO: SEND:media/nxp.png:2
 INFO: socketfd:(null):4
 INFO: request:GET /favicon.ico HTTP/1.1**Host: localhost:11000**User-Agent: Mozilla/5.0 (X11; Ubuntu; Linux x86_64; rv:66.0) Gecko/20100101 Firefox/66.0**Accept: image/webp,*/***Accept-Language: en-US,en;q=0.5**Accept-Encoding: gzip, deflate**Connection: keep-alive**Cookie: _ga=GA1.1.704171331.1551282340****:3
SORRY: failed to open file:favicon.ico
 INFO: socketfd:(null):4
 INFO: request:GET / HTTP/1.1**Host: localhost:11000**User-Agent: Mozilla/5.0 (X11; Ubuntu; Linux x86_64; rv:66.0) Gecko/20100101 Firefox/66.0**Accept: text/html,application/xhtml+xml,application/xml;q=0.9,*/*;q=0.8**Accept-Language: en-US,en;q=0.5**Accept-Encoding: gzip, deflate**Connection: keep-alive**Cookie: _ga=GA1.1.704171331.1551282340**Upgrade-Insecure-Requests: 1****:4
 INFO: SEND:index.html:4
 INFO: socketfd:(null):4
 INFO: request:GET /media/nxp.png HTTP/1.1**Host: localhost:11000**User-Agent: Mozilla/5.0 (X11; Ubuntu; Linux x86_64; rv:66.0) Gecko/20100101 Firefox/66.0**Accept: image/webp,*/***Accept-Language: en-US,en;q=0.5**Accept-Encoding: gzip, deflate**Referer: http://localhost:11000/**Connection: keep-alive**Cookie: _ga=GA1.1.704171331.1551282340****:5
 INFO: SEND:media/nxp.png:5
 INFO: socketfd:(null):4
 INFO: request:GET /favicon.ico HTTP/1.1**Host: localhost:11000**User-Agent: Mozilla/5.0 (X11; Ubuntu; Linux x86_64; rv:66.0) Gecko/20100101 Firefox/66.0**Accept: image/webp,*/***Accept-Language: en-US,en;q=0.5**Accept-Encoding: gzip, deflate**Connection: keep-alive**Cookie: _ga=GA1.1.704171331.1551282340****:6
SORRY: failed to open file:favicon.ico
 INFO: socket listen:(null):3
 INFO: socket listen:(null):3
 INFO: socket listen:(null):3
 INFO: socket listen:(null):3
 INFO: socket listen:(null):3
 INFO: socket listen:(null):3
 INFO: socketfd:(null):4
 INFO: request:GET / HTTP/1.1**Host: localhost:11000**User-Agent: Mozilla/5.0 (X11; Ubuntu; Linux x86_64; rv:66.0) Gecko/20100101 Firefox/66.0**Accept: text/html,application/xhtml+xml,application/xml;q=0.9,*/*;q=0.8**Accept-Language: en-US,en;q=0.5**Accept-Encoding: gzip, deflate**Connection: keep-alive**Cookie: _ga=GA1.1.704171331.1551282340**Upgrade-Insecure-Requests: 1**Cache-Control: max-age=0****:1
 INFO: SEND:index.html:1
 INFO: socketfd:(null):4
 INFO: request:GET /media/nxp.png HTTP/1.1**Host: localhost:11000**User-Agent: Mozilla/5.0 (X11; Ubuntu; Linux x86_64; rv:66.0) Gecko/20100101 Firefox/66.0**Accept: image/webp,*/***Accept-Language: en-US,en;q=0.5**Accept-Encoding: gzip, deflate**Referer: http://localhost:11000/**Connection: keep-alive**Cookie: _ga=GA1.1.704171331.1551282340**Cache-Control: max-age=0****:2
 INFO: SEND:media/nxp.png:2
 INFO: socketfd:(null):4
 INFO: request:GET /favicon.ico HTTP/1.1**Host: localhost:11000**User-Agent: Mozilla/5.0 (X11; Ubuntu; Linux x86_64; rv:66.0) Gecko/20100101 Firefox/66.0**Accept: image/webp,*/***Accept-Language: en-US,en;q=0.5**Accept-Encoding: gzip, deflate**Connection: keep-alive**Cookie: _ga=GA1.1.704171331.1551282340**Cache-Control: max-age=0****:3
SORRY: failed to open file:favicon.ico
 INFO: socketfd:(null):4
 INFO: request:GET / HTTP/1.1**Host: localhost:11000**User-Agent: Mozilla/5.0 (X11; Ubuntu; Linux x86_64; rv:66.0) Gecko/20100101 Firefox/66.0**Accept: text/html,application/xhtml+xml,application/xml;q=0.9,*/*;q=0.8**Accept-Language: en-US,en;q=0.5**Accept-Encoding: gzip, deflate**Connection: keep-alive**Cookie: _ga=GA1.1.704171331.1551282340**Upgrade-Insecure-Requests: 1****:4
 INFO: SEND:index.html:4
 INFO: socketfd:(null):4
 INFO: request:GET /media/nxp.png HTTP/1.1**Host: localhost:11000**User-Agent: Mozilla/5.0 (X11; Ubuntu; Linux x86_64; rv:66.0) Gecko/20100101 Firefox/66.0**Accept: image/webp,*/***Accept-Language: en-US,en;q=0.5**Accept-Encoding: gzip, deflate**Referer: http://localhost:11000/**Connection: keep-alive**Cookie: _ga=GA1.1.704171331.1551282340****:5
 INFO: SEND:media/nxp.png:5
 INFO: socketfd:(null):4
 INFO: request:GET /favicon.ico HTTP/1.1**Host: localhost:11000**User-Agent: Mozilla/5.0 (X11; Ubuntu; Linux x86_64; rv:66.0) Gecko/20100101 Firefox/66.0**Accept: image/webp,*/***Accept-Language: en-US,en;q=0.5**Accept-Encoding: gzip, deflate**Connection: keep-alive**Cookie: _ga=GA1.1.704171331.1551282340****:6
SORRY: failed to open file:favicon.ico
 INFO: socketfd:(null):4
 INFO: request:GET / HTTP/1.1**Host: localhost:11000**User-Agent: Mozilla/5.0 (X11; Ubuntu; Linux x86_64; rv:66.0) Gecko/20100101 Firefox/66.0**Accept: text/html,application/xhtml+xml,application/xml;q=0.9,*/*;q=0.8**Accept-Language: en-US,en;q=0.5**Accept-Encoding: gzip, deflate**Connection: keep-alive**Cookie: _ga=GA1.1.704171331.1551282340**Upgrade-Insecure-Requests: 1**Cache-Control: max-age=0****:1
 INFO: SEND:index.html:1
 INFO: socketfd:(null):4
 INFO: request:GET / HTTP/1.1**Host: localhost:11000**User-Agent: Mozilla/5.0 (X11; Ubuntu; Linux x86_64; rv:66.0) Gecko/20100101 Firefox/66.0**Accept: text/html,application/xhtml+xml,application/xml;q=0.9,*/*;q=0.8**Accept-Language: en-US,en;q=0.5**Accept-Encoding: gzip, deflate**Connection: keep-alive**Cookie: _ga=GA1.1.704171331.1551282340**Upgrade-Insecure-Requests: 1**Cache-Control: max-age=0****:1
 INFO: SEND:index.html:1
 INFO: socketfd:(null):4
 INFO: request:GET / HTTP/1.1**Host: localhost:11000**User-Agent: Mozilla/5.0 (X11; Ubuntu; Linux x86_64; rv:66.0) Gecko/20100101 Firefox/66.0**Accept: text/html,application/xhtml+xml,application/xml;q=0.9,*/*;q=0.8**Accept-Language: en-US,en;q=0.5**Accept-Encoding: gzip, deflate**Connection: keep-alive**Cookie: _ga=GA1.1.704171331.1551282340**Upgrade-Insecure-Requests: 1**Cache-Control: max-age=0****:1
 INFO: SEND:index.html:1
 INFO: socketfd:(null):4
 INFO: request:GET /media/nxp.png HTTP/1.1**Host: localhost:11000**User-Agent: Mozilla/5.0 (X11; Ubuntu; Linux x86_64; rv:66.0) Gecko/20100101 Firefox/66.0**Accept: image/webp,*/***Accept-Language: en-US,en;q=0.5**Accept-Encoding: gzip, deflate**Referer: http://localhost:11000/**Connection: keep-alive**Cookie: _ga=GA1.1.704171331.1551282340**Cache-Control: max-age=0****:2
 INFO: SEND:media/nxp.png:2
 INFO: socketfd:(null):4
 INFO: request:GET /favicon.ico HTTP/1.1**Host: localhost:11000**User-Agent: Mozilla/5.0 (X11; Ubuntu; Linux x86_64; rv:66.0) Gecko/20100101 Firefox/66.0**Accept: image/webp,*/***Accept-Language: en-US,en;q=0.5**Accept-Encoding: gzip, deflate**Connection: keep-alive**Cookie: _ga=GA1.1.704171331.1551282340**Cache-Control: max-age=0****:3
SORRY: failed to open file:favicon.ico
 INFO: socketfd:(null):4
 INFO: request:GET / HTTP/1.1**Host: localhost:11000**User-Agent: Mozilla/5.0 (X11; Ubuntu; Linux x86_64; rv:66.0) Gecko/20100101 Firefox/66.0**Accept: text/html,application/xhtml+xml,application/xml;q=0.9,*/*;q=0.8**Accept-Language: en-US,en;q=0.5**Accept-Encoding: gzip, deflate**Connection: keep-alive**Cookie: _ga=GA1.1.704171331.1551282340**Upgrade-Insecure-Requests: 1**Cache-Control: max-age=0****:4
 INFO: SEND:index.html:4
 INFO: socketfd:(null):4
 INFO: request:GET /media/nxp.png HTTP/1.1**Host: localhost:11000**User-Agent: Mozilla/5.0 (X11; Ubuntu; Linux x86_64; rv:66.0) Gecko/20100101 Firefox/66.0**Accept: image/webp,*/***Accept-Language: en-US,en;q=0.5**Accept-Encoding: gzip, deflate**Referer: http://localhost:11000/**Connection: keep-alive**Cookie: _ga=GA1.1.704171331.1551282340**Cache-Control: max-age=0****:5
 INFO: SEND:media/nxp.png:5
 INFO: socketfd:(null):4
 INFO: request:GET /favicon.ico HTTP/1.1**Host: localhost:11000**User-Agent: Mozilla/5.0 (X11; Ubuntu; Linux x86_64; rv:66.0) Gecko/20100101 Firefox/66.0**Accept: image/webp,*/***Accept-Language: en-US,en;q=0.5**Accept-Encoding: gzip, deflate**Connection: keep-alive**Cookie: _ga=GA1.1.704171331.1551282340**Cache-Control: max-age=0****:6
SORRY: failed to open file:favicon.ico
 INFO: socketfd:(null):4
 INFO: request:GET / HTTP/1.1**Host: localhost:11000**User-Agent: Mozilla/5.0 (X11; Ubuntu; Linux x86_64; rv:66.0) Gecko/20100101 Firefox/66.0**Accept: text/html,application/xhtml+xml,application/xml;q=0.9,*/*;q=0.8**Accept-Language: en-US,en;q=0.5**Accept-Encoding: gzip, deflate**Connection: keep-alive**Cookie: _ga=GA1.1.704171331.1551282340**Upgrade-Insecure-Requests: 1**Cache-Control: max-age=0****:7
 INFO: SEND:index.html:7
 INFO: socketfd:(null):4
 INFO: request:GET /media/nxp.png HTTP/1.1**Host: localhost:11000**User-Agent: Mozilla/5.0 (X11; Ubuntu; Linux x86_64; rv:66.0) Gecko/20100101 Firefox/66.0**Accept: image/webp,*/***Accept-Language: en-US,en;q=0.5**Accept-Encoding: gzip, deflate**Referer: http://localhost:11000/**Connection: keep-alive**Cookie: _ga=GA1.1.704171331.1551282340**Cache-Control: max-age=0****:8
 INFO: SEND:media/nxp.png:8
 INFO: socketfd:(null):4
 INFO: request:GET /favicon.ico HTTP/1.1**Host: localhost:11000**User-Agent: Mozilla/5.0 (X11; Ubuntu; Linux x86_64; rv:66.0) Gecko/20100101 Firefox/66.0**Accept: image/webp,*/***Accept-Language: en-US,en;q=0.5**Accept-Encoding: gzip, deflate**Connection: keep-alive**Cookie: _ga=GA1.1.704171331.1551282340**Cache-Control: max-age=0****:9
SORRY: failed to open file:favicon.ico
 INFO: socketfd:(null):4
 INFO: request:GET / HTTP/1.1**Host: localhost:11000**User-Agent: Mozilla/5.0 (X11; Ubuntu; Linux x86_64; rv:66.0) Gecko/20100101 Firefox/66.0**Accept: text/html,application/xhtml+xml,application/xml;q=0.9,*/*;q=0.8**Accept-Language: en-US,en;q=0.5**Accept-Encoding: gzip, deflate**Connection: keep-alive**Cookie: _ga=GA1.1.704171331.1551282340**Upgrade-Insecure-Requests: 1**Cache-Control: max-age=0****:10
 INFO: SEND:index.html:10
 INFO: socketfd:(null):4
 INFO: request:GET /media/nxp.png HTTP/1.1**Host: localhost:11000**User-Agent: Mozilla/5.0 (X11; Ubuntu; Linux x86_64; rv:66.0) Gecko/20100101 Firefox/66.0**Accept: image/webp,*/***Accept-Language: en-US,en;q=0.5**Accept-Encoding: gzip, deflate**Referer: http://localhost:11000/**Connection: keep-alive**Cookie: _ga=GA1.1.704171331.1551282340**Cache-Control: max-age=0****:11
 INFO: SEND:media/nxp.png:11
 INFO: socketfd:(null):4
 INFO: request:GET /favicon.ico HTTP/1.1**Host: localhost:11000**User-Agent: Mozilla/5.0 (X11; Ubuntu; Linux x86_64; rv:66.0) Gecko/20100101 Firefox/66.0**Accept: image/webp,*/***Accept-Language: en-US,en;q=0.5**Accept-Encoding: gzip, deflate**Connection: keep-alive**Cookie: _ga=GA1.1.704171331.1551282340**Cache-Control: max-age=0****:12
SORRY: failed to open file:favicon.ico
 INFO: socketfd:(null):4
 INFO: request:GET / HTTP/1.1**Host: localhost:11000**User-Agent: Mozilla/5.0 (X11; Ubuntu; Linux x86_64; rv:66.0) Gecko/20100101 Firefox/66.0**Accept: text/html,application/xhtml+xml,application/xml;q=0.9,*/*;q=0.8**Accept-Language: en-US,en;q=0.5**Accept-Encoding: gzip, deflate**Connection: keep-alive**Cookie: _ga=GA1.1.704171331.1551282340**Upgrade-Insecure-Requests: 1**Cache-Control: max-age=0****:13
 INFO: SEND:index.html:13
 INFO: socketfd:(null):4
 INFO: request:GET /media/nxp.png HTTP/1.1**Host: localhost:11000**User-Agent: Mozilla/5.0 (X11; Ubuntu; Linux x86_64; rv:66.0) Gecko/20100101 Firefox/66.0**Accept: image/webp,*/***Accept-Language: en-US,en;q=0.5**Accept-Encoding: gzip, deflate**Referer: http://localhost:11000/**Connection: keep-alive**Cookie: _ga=GA1.1.704171331.1551282340**Cache-Control: max-age=0****:14
 INFO: SEND:media/nxp.png:14
 INFO: socketfd:(null):4
 INFO: request:GET /favicon.ico HTTP/1.1**Host: localhost:11000**User-Agent: Mozilla/5.0 (X11; Ubuntu; Linux x86_64; rv:66.0) Gecko/20100101 Firefox/66.0**Accept: image/webp,*/***Accept-Language: en-US,en;q=0.5**Accept-Encoding: gzip, deflate**Connection: keep-alive**Cookie: _ga=GA1.1.704171331.1551282340**Cache-Control: max-age=0****:15
SORRY: failed to open file:favicon.ico
 INFO: socketfd:(null):4
 INFO: request:GET / HTTP/1.1**Host: localhost:11000**User-Agent: Mozilla/5.0 (X11; Ubuntu; Linux x86_64; rv:66.0) Gecko/20100101 Firefox/66.0**Accept: text/html,application/xhtml+xml,application/xml;q=0.9,*/*;q=0.8**Accept-Language: en-US,en;q=0.5**Accept-Encoding: gzip, deflate**Connection: keep-alive**Cookie: _ga=GA1.1.704171331.1551282340**Upgrade-Insecure-Requests: 1**Cache-Control: max-age=0****:16
 INFO: SEND:index.html:16
 INFO: socketfd:(null):4
 INFO: request:GET /media/nxp.png HTTP/1.1**Host: localhost:11000**User-Agent: Mozilla/5.0 (X11; Ubuntu; Linux x86_64; rv:66.0) Gecko/20100101 Firefox/66.0**Accept: image/webp,*/***Accept-Language: en-US,en;q=0.5**Accept-Encoding: gzip, deflate**Referer: http://localhost:11000/**Connection: keep-alive**Cookie: _ga=GA1.1.704171331.1551282340**Cache-Control: max-age=0****:17
 INFO: SEND:media/nxp.png:17
 INFO: socketfd:(null):4
 INFO: request:GET /favicon.ico HTTP/1.1**Host: localhost:11000**User-Agent: Mozilla/5.0 (X11; Ubuntu; Linux x86_64; rv:66.0) Gecko/20100101 Firefox/66.0**Accept: image/webp,*/***Accept-Language: en-US,en;q=0.5**Accept-Encoding: gzip, deflate**Connection: keep-alive**Cookie: _ga=GA1.1.704171331.1551282340**Cache-Control: max-age=0****:18
SORRY: failed to open file:favicon.ico
 INFO: socketfd:(null):4
 INFO: request:GET / HTTP/1.1**Host: localhost:11000**User-Agent: Mozilla/5.0 (X11; Ubuntu; Linux x86_64; rv:66.0) Gecko/20100101 Firefox/66.0**Accept: text/html,application/xhtml+xml,application/xml;q=0.9,*/*;q=0.8**Accept-Language: en-US,en;q=0.5**Accept-Encoding: gzip, deflate**Connection: keep-alive**Cookie: _ga=GA1.1.704171331.1551282340**Upgrade-Insecure-Requests: 1**Cache-Control: max-age=0****:19
 INFO: SEND:index.html:19
 INFO: socketfd:(null):4
 INFO: request:GET /media/nxp.png HTTP/1.1**Host: localhost:11000**User-Agent: Mozilla/5.0 (X11; Ubuntu; Linux x86_64; rv:66.0) Gecko/20100101 Firefox/66.0**Accept: image/webp,*/***Accept-Language: en-US,en;q=0.5**Accept-Encoding: gzip, deflate**Referer: http://localhost:11000/**Connection: keep-alive**Cookie: _ga=GA1.1.704171331.1551282340**Cache-Control: max-age=0****:20
 INFO: SEND:media/nxp.png:20
 INFO: socketfd:(null):4
 INFO: request:GET /favicon.ico HTTP/1.1**Host: localhost:11000**User-Agent: Mozilla/5.0 (X11; Ubuntu; Linux x86_64; rv:66.0) Gecko/20100101 Firefox/66.0**Accept: image/webp,*/***Accept-Language: en-US,en;q=0.5**Accept-Encoding: gzip, deflate**Connection: keep-alive**Cookie: _ga=GA1.1.704171331.1551282340**Cache-Control: max-age=0****:21
SORRY: failed to open file:favicon.ico
 INFO: socketfd:(null):4
 INFO: request:GET / HTTP/1.1**Host: localhost:11000**User-Agent: Mozilla/5.0 (X11; Ubuntu; Linux x86_64; rv:66.0) Gecko/20100101 Firefox/66.0**Accept: text/html,application/xhtml+xml,application/xml;q=0.9,*/*;q=0.8**Accept-Language: en-US,en;q=0.5**Accept-Encoding: gzip, deflate**Connection: keep-alive**Cookie: _ga=GA1.1.704171331.1551282340**Upgrade-Insecure-Requests: 1**Cache-Control: max-age=0****:22
 INFO: SEND:index.html:22
 INFO: socketfd:(null):4
 INFO: request:GET /media/nxp.png HTTP/1.1**Host: localhost:11000**User-Agent: Mozilla/5.0 (X11; Ubuntu; Linux x86_64; rv:66.0) Gecko/20100101 Firefox/66.0**Accept: image/webp,*/***Accept-Language: en-US,en;q=0.5**Accept-Encoding: gzip, deflate**Referer: http://localhost:11000/**Connection: keep-alive**Cookie: _ga=GA1.1.704171331.1551282340**Cache-Control: max-age=0****:23
 INFO: SEND:media/nxp.png:23
 INFO: socketfd:(null):4
 INFO: request:GET /favicon.ico HTTP/1.1**Host: localhost:11000**User-Agent: Mozilla/5.0 (X11; Ubuntu; Linux x86_64; rv:66.0) Gecko/20100101 Firefox/66.0**Accept: image/webp,*/***Accept-Language: en-US,en;q=0.5**Accept-Encoding: gzip, deflate**Connection: keep-alive**Cookie: _ga=GA1.1.704171331.1551282340**Cache-Control: max-age=0****:24
SORRY: failed to open file:favicon.ico
 INFO: socketfd:(null):4
 INFO: request:GET / HTTP/1.1**Host: localhost:11000**User-Agent: Mozilla/5.0 (X11; Ubuntu; Linux x86_64; rv:66.0) Gecko/20100101 Firefox/66.0**Accept: text/html,application/xhtml+xml,application/xml;q=0.9,*/*;q=0.8**Accept-Language: en-US,en;q=0.5**Accept-Encoding: gzip, deflate**Connection: keep-alive**Cookie: _ga=GA1.1.704171331.1551282340**Upgrade-Insecure-Requests: 1**Cache-Control: max-age=0****:25
 INFO: SEND:index.html:25
 INFO: socketfd:(null):4
 INFO: request:GET /media/nxp.png HTTP/1.1**Host: localhost:11000**User-Agent: Mozilla/5.0 (X11; Ubuntu; Linux x86_64; rv:66.0) Gecko/20100101 Firefox/66.0**Accept: image/webp,*/***Accept-Language: en-US,en;q=0.5**Accept-Encoding: gzip, deflate**Referer: http://localhost:11000/**Connection: keep-alive**Cookie: _ga=GA1.1.704171331.1551282340**Cache-Control: max-age=0****:26
 INFO: SEND:media/nxp.png:26
 INFO: socketfd:(null):4
 INFO: request:GET /favicon.ico HTTP/1.1**Host: localhost:11000**User-Agent: Mozilla/5.0 (X11; Ubuntu; Linux x86_64; rv:66.0) Gecko/20100101 Firefox/66.0**Accept: image/webp,*/***Accept-Language: en-US,en;q=0.5**Accept-Encoding: gzip, deflate**Connection: keep-alive**Cookie: _ga=GA1.1.704171331.1551282340**Cache-Control: max-age=0****:27
SORRY: failed to open file:favicon.ico
 INFO: socketfd:(null):4
 INFO: request:GET / HTTP/1.1**Host: localhost:11000**User-Agent: Mozilla/5.0 (X11; Ubuntu; Linux x86_64; rv:66.0) Gecko/20100101 Firefox/66.0**Accept: text/html,application/xhtml+xml,application/xml;q=0.9,*/*;q=0.8**Accept-Language: en-US,en;q=0.5**Accept-Encoding: gzip, deflate**Connection: keep-alive**Cookie: _ga=GA1.1.704171331.1551282340**Upgrade-Insecure-Requests: 1**Cache-Control: max-age=0****:28
 INFO: SEND:index.html:28
 INFO: socketfd:(null):4
 INFO: request:GET /media/nxp.png HTTP/1.1**Host: localhost:11000**User-Agent: Mozilla/5.0 (X11; Ubuntu; Linux x86_64; rv:66.0) Gecko/20100101 Firefox/66.0**Accept: image/webp,*/***Accept-Language: en-US,en;q=0.5**Accept-Encoding: gzip, deflate**Referer: http://localhost:11000/**Connection: keep-alive**Cookie: _ga=GA1.1.704171331.1551282340**Cache-Control: max-age=0****:29
 INFO: SEND:media/nxp.png:29
 INFO: socketfd:(null):4
 INFO: request:GET /favicon.ico HTTP/1.1**Host: localhost:11000**User-Agent: Mozilla/5.0 (X11; Ubuntu; Linux x86_64; rv:66.0) Gecko/20100101 Firefox/66.0**Accept: image/webp,*/***Accept-Language: en-US,en;q=0.5**Accept-Encoding: gzip, deflate**Connection: keep-alive**Cookie: _ga=GA1.1.704171331.1551282340**Cache-Control: max-age=0****:30
SORRY: failed to open file:favicon.ico
 INFO: socketfd:(null):4
 INFO: request:GET / HTTP/1.1**Host: localhost:11000**User-Agent: Mozilla/5.0 (X11; Ubuntu; Linux x86_64; rv:66.0) Gecko/20100101 Firefox/66.0**Accept: text/html,application/xhtml+xml,application/xml;q=0.9,*/*;q=0.8**Accept-Language: en-US,en;q=0.5**Accept-Encoding: gzip, deflate**Connection: keep-alive**Cookie: _ga=GA1.1.704171331.1551282340**Upgrade-Insecure-Requests: 1**Cache-Control: max-age=0****:31
 INFO: SEND:index.html:31
 INFO: socketfd:(null):4
 INFO: request:GET /media/nxp.png HTTP/1.1**Host: localhost:11000**User-Agent: Mozilla/5.0 (X11; Ubuntu; Linux x86_64; rv:66.0) Gecko/20100101 Firefox/66.0**Accept: image/webp,*/***Accept-Language: en-US,en;q=0.5**Accept-Encoding: gzip, deflate**Referer: http://localhost:11000/**Connection: keep-alive**Cookie: _ga=GA1.1.704171331.1551282340**Cache-Control: max-age=0****:32
 INFO: SEND:media/nxp.png:32
 INFO: socketfd:(null):4
 INFO: request:GET /favicon.ico HTTP/1.1**Host: localhost:11000**User-Agent: Mozilla/5.0 (X11; Ubuntu; Linux x86_64; rv:66.0) Gecko/20100101 Firefox/66.0**Accept: image/webp,*/***Accept-Language: en-US,en;q=0.5**Accept-Encoding: gzip, deflate**Connection: keep-alive**Cookie: _ga=GA1.1.704171331.1551282340**Cache-Control: max-age=0****:33
SORRY: failed to open file:favicon.ico
ERROR: system call:bind Errno=13 exiting pid=25220
 INFO: socketfd:(null):4
 INFO: request:GET / HTTP/1.1**Host: localhost:10000**User-Agent: Mozilla/5.0 (X11; Ubuntu; Linux x86_64; rv:66.0) Gecko/20100101 Firefox/66.0**Accept: text/html,application/xhtml+xml,application/xml;q=0.9,*/*;q=0.8**Accept-Language: en-US,en;q=0.5**Accept-Encoding: gzip, deflate**Connection: keep-alive**Cookie: _ga=GA1.1.704171331.1551282340**Upgrade-Insecure-Requests: 1****:1
 INFO: SEND:index.html:1
 INFO: socketfd:(null):4
 INFO: request:GET /media/nxp.png HTTP/1.1**Host: localhost:10000**User-Agent: Mozilla/5.0 (X11; Ubuntu; Linux x86_64; rv:66.0) Gecko/20100101 Firefox/66.0**Accept: image/webp,*/***Accept-Language: en-US,en;q=0.5**Accept-Encoding: gzip, deflate**Referer: http://localhost:10000/**Connection: keep-alive**Cookie: _ga=GA1.1.704171331.1551282340****:2
 INFO: SEND:media/nxp.png:2
 INFO: socketfd:(null):4
 INFO: request:GET /favicon.ico HTTP/1.1**Host: localhost:10000**User-Agent: Mozilla/5.0 (X11; Ubuntu; Linux x86_64; rv:66.0) Gecko/20100101 Firefox/66.0**Accept: image/webp,*/***Accept-Language: en-US,en;q=0.5**Accept-Encoding: gzip, deflate**Connection: keep-alive**Cookie: _ga=GA1.1.704171331.1551282340****:3
SORRY: failed to open file:favicon.ico
 INFO: socketfd:(null):4
 INFO: request:GET / HTTP/1.1**Host: localhost:10000**User-Agent: Mozilla/5.0 (X11; Ubuntu; Linux x86_64; rv:66.0) Gecko/20100101 Firefox/66.0**Accept: text/html,application/xhtml+xml,application/xml;q=0.9,*/*;q=0.8**Accept-Language: en-US,en;q=0.5**Accept-Encoding: gzip, deflate**Connection: keep-alive**Cookie: _ga=GA1.1.704171331.1551282340**Upgrade-Insecure-Requests: 1****:1
 INFO: SEND:index.html:1
 INFO: socketfd:(null):4
 INFO: request:GET /media/nxp.png HTTP/1.1**Host: localhost:10000**User-Agent: Mozilla/5.0 (X11; Ubuntu; Linux x86_64; rv:66.0) Gecko/20100101 Firefox/66.0**Accept: image/webp,*/***Accept-Language: en-US,en;q=0.5**Accept-Encoding: gzip, deflate**Referer: http://localhost:10000/**Connection: keep-alive**Cookie: _ga=GA1.1.704171331.1551282340****:2
 INFO: SEND:media/nxp.png:2
 INFO: socketfd:(null):4
 INFO: request:GET /favicon.ico HTTP/1.1**Host: localhost:10000**User-Agent: Mozilla/5.0 (X11; Ubuntu; Linux x86_64; rv:66.0) Gecko/20100101 Firefox/66.0**Accept: image/webp,*/***Accept-Language: en-US,en;q=0.5**Accept-Encoding: gzip, deflate**Connection: keep-alive**Cookie: _ga=GA1.1.704171331.1551282340****:3
SORRY: failed to open file:favicon.ico
 INFO: socketfd:(null):4
 INFO: request:GET / HTTP/1.1**Host: localhost:10000**Accept: */*****:1
 INFO: SEND:index.html:1
 INFO: socketfd:(null):4
 INFO: request:GET / HTTP/1.1**Host: localhost:10000**User-Agent: Mozilla/5.0 (X11; Ubuntu; Linux x86_64; rv:66.0) Gecko/20100101 Firefox/66.0**Accept: text/html,application/xhtml+xml,application/xml;q=0.9,*/*;q=0.8**Accept-Language: en-US,en;q=0.5**Accept-Encoding: gzip, deflate**Connection: keep-alive**Cookie: _ga=GA1.1.704171331.1551282340**Upgrade-Insecure-Requests: 1****:2
 INFO: SEND:index.html:2
 INFO: socketfd:(null):4
 INFO: request:GET /media/nxp.png HTTP/1.1**Host: localhost:10000**User-Agent: Mozilla/5.0 (X11; Ubuntu; Linux x86_64; rv:66.0) Gecko/20100101 Firefox/66.0**Accept: image/webp,*/***Accept-Language: en-US,en;q=0.5**Accept-Encoding: gzip, deflate**Referer: http://localhost:10000/**Connection: keep-alive**Cookie: _ga=GA1.1.704171331.1551282340****:3
 INFO: SEND:media/nxp.png:3
 INFO: socketfd:(null):4
 INFO: request:GET /favicon.ico HTTP/1.1**Host: localhost:10000**User-Agent: Mozilla/5.0 (X11; Ubuntu; Linux x86_64; rv:66.0) Gecko/20100101 Firefox/66.0**Accept: image/webp,*/***Accept-Language: en-US,en;q=0.5**Accept-Encoding: gzip, deflate**Connection: keep-alive**Cookie: _ga=GA1.1.704171331.1551282340****:4
SORRY: failed to open file:favicon.ico
 INFO: socketfd:(null):4
 INFO: request:GET / HTTP/1.1**Host: 10.29.244.160:10000**Accept: text/html,application/xhtml+xml,application/xml;q=0.9,*/*;q=0.8**Upgrade-Insecure-Requests: 1**User-Agent: Mozilla/5.0 (X11; Ubuntu; Linux x86_64) AppleWebKit/605.1.15 (KHTML, like Gecko) Version/11.0 Safari/605.1.15**Accept-Encoding: gzip, deflate**Accept-Language: pt-BR**Connection: Keep-Alive****:5
 INFO: SEND:index.html:5
 INFO: socketfd:(null):4
 INFO: request:GET /media/nxp.png HTTP/1.1**Host: 10.29.244.160:10000**Accept: image/png,image/svg+xml,image/*;q=0.8,*/*;q=0.5**Referer: http://10.29.244.160:10000/**User-Agent: Mozilla/5.0 (X11; Ubuntu; Linux x86_64) AppleWebKit/605.1.15 (KHTML, like Gecko) Version/11.0 Safari/605.1.15**Accept-Encoding: gzip, deflate**Accept-Language: pt-BR**Connection: Keep-Alive****:6
 INFO: SEND:media/nxp.png:6
 INFO: socketfd:(null):4
 INFO: request:GET / HTTP/1.1**Host: 10.29.244.160:10000**Accept: text/html,application/xhtml+xml,application/xml;q=0.9,*/*;q=0.8**Upgrade-Insecure-Requests: 1**User-Agent: Mozilla/5.0 (X11; Ubuntu; Linux x86_64) AppleWebKit/605.1.15 (KHTML, like Gecko) Version/11.0 Safari/605.1.15**Accept-Encoding: gzip, deflate**Accept-Language: pt-BR**Connection: Keep-Alive****:7
 INFO: SEND:index.html:7
 INFO: socketfd:(null):4
 INFO: request:GET /media/nxp.png HTTP/1.1**Host: 10.29.244.160:10000**Accept: image/png,image/svg+xml,image/*;q=0.8,*/*;q=0.5**Referer: http://10.29.244.160:10000/**User-Agent: Mozilla/5.0 (X11; Ubuntu; Linux x86_64) AppleWebKit/605.1.15 (KHTML, like Gecko) Version/11.0 Safari/605.1.15**Accept-Encoding: gzip, deflate**Accept-Language: pt-BR**Connection: Keep-Alive****:8
 INFO: SEND:media/nxp.png:8
 INFO: socketfd:(null):4
 INFO: socketfd:(null):4
 INFO: request:GET /media/nxp.png HTTP/1.1**Host: 10.29.244.160:10000**Accept: image/png,image/svg+xml,image/*;q=0.8,*/*;q=0.5**Referer: http://10.29.244.160:10000/**User-Agent: Mozilla/5.0 (X11; Ubuntu; Linux x86_64) AppleWebKit/605.1.15 (KHTML, like Gecko) Version/11.0 Safari/605.1.15**Accept-Encoding: gzip, deflate**Accept-Language: pt-BR**Connection: Keep-Alive****:10
 INFO: SEND:media/nxp.png:10
 INFO: request:GET / HTTP/1.1**Host: 10.29.244.160:10000**Accept: text/html,application/xhtml+xml,application/xml;q=0.9,*/*;q=0.8**Upgrade-Insecure-Requests: 1**User-Agent: Mozilla/5.0 (X11; Ubuntu; Linux x86_64) AppleWebKit/605.1.15 (KHTML, like Gecko) Version/11.0 Safari/605.1.15**Accept-Encoding: gzip, deflate**Accept-Language: pt-BR**Connection: Keep-Alive****:9
 INFO: SEND:index.html:9
 INFO: socketfd:(null):4
 INFO: request:GET / HTTP/1.1**Host: 10.29.244.160:10000**Accept: text/html,application/xhtml+xml,application/xml;q=0.9,*/*;q=0.8**Upgrade-Insecure-Requests: 1**User-Agent: Mozilla/5.0 (X11; Ubuntu; Linux x86_64) AppleWebKit/605.1.15 (KHTML, like Gecko) Version/11.0 Safari/605.1.15**Accept-Encoding: gzip, deflate**Accept-Language: pt-BR**Connection: Keep-Alive****:11
 INFO: SEND:index.html:11
 INFO: socketfd:(null):4
 INFO: request:GET /media/nxp.png HTTP/1.1**Host: 10.29.244.160:10000**Accept: image/png,image/svg+xml,image/*;q=0.8,*/*;q=0.5**Referer: http://10.29.244.160:10000/**User-Agent: Mozilla/5.0 (X11; Ubuntu; Linux x86_64) AppleWebKit/605.1.15 (KHTML, like Gecko) Version/11.0 Safari/605.1.15**Accept-Encoding: gzip, deflate**Accept-Language: pt-BR**Connection: Keep-Alive****:12
 INFO: SEND:media/nxp.png:12
 INFO: socketfd:(null):4
 INFO: socketfd:(null):4
 INFO: request:GET / HTTP/1.1**Host: 10.29.244.160:10000**Accept: text/html,application/xhtml+xml,application/xml;q=0.9,*/*;q=0.8**Upgrade-Insecure-Requests: 1**User-Agent: Mozilla/5.0 (X11; Ubuntu; Linux x86_64) AppleWebKit/605.1.15 (KHTML, like Gecko) Version/11.0 Safari/605.1.15**Accept-Encoding: gzip, deflate**Accept-Language: pt-BR**Connection: Keep-Alive****:13
 INFO: request:GET /media/nxp.png HTTP/1.1**Host: 10.29.244.160:10000**Accept: image/png,image/svg+xml,image/*;q=0.8,*/*;q=0.5**Referer: http://10.29.244.160:10000/**User-Agent: Mozilla/5.0 (X11; Ubuntu; Linux x86_64) AppleWebKit/605.1.15 (KHTML, like Gecko) Version/11.0 Safari/605.1.15**Accept-Encoding: gzip, deflate**Accept-Language: pt-BR**Connection: Keep-Alive****:14 INFO: SEND:index.html:13

 INFO: SEND:media/nxp.png:14
 INFO: socketfd:(null):4
 INFO: socketfd:(null):4
 INFO: request:GET /media/nxp.png HTTP/1.1**Host: 10.29.244.160:10000**Accept: image/png,image/svg+xml,image/*;q=0.8,*/*;q=0.5**Referer: http://10.29.244.160:10000/**User-Agent: Mozilla/5.0 (X11; Ubuntu; Linux x86_64) AppleWebKit/605.1.15 (KHTML, like Gecko) Version/11.0 Safari/605.1.15**Accept-Encoding: gzip, deflate**Accept-Language: pt-BR**Connection: Keep-Alive****:16
 INFO: SEND:media/nxp.png:16
 INFO: request:GET / HTTP/1.1**Host: 10.29.244.160:10000**Accept: text/html,application/xhtml+xml,application/xml;q=0.9,*/*;q=0.8**Upgrade-Insecure-Requests: 1**User-Agent: Mozilla/5.0 (X11; Ubuntu; Linux x86_64) AppleWebKit/605.1.15 (KHTML, like Gecko) Version/11.0 Safari/605.1.15**Accept-Encoding: gzip, deflate**Accept-Language: pt-BR**Connection: Keep-Alive****:15
 INFO: SEND:index.html:15
 INFO: socketfd:(null):4
 INFO: request:GET / HTTP/1.1**Host: 10.29.244.160:10000**Accept: text/html,application/xhtml+xml,application/xml;q=0.9,*/*;q=0.8**Upgrade-Insecure-Requests: 1**User-Agent: Mozilla/5.0 (X11; Ubuntu; Linux x86_64) AppleWebKit/605.1.15 (KHTML, like Gecko) Version/11.0 Safari/605.1.15**Accept-Encoding: gzip, deflate**Accept-Language: pt-BR**Connection: Keep-Alive****:17
 INFO: SEND:index.html:17
 INFO: socketfd:(null):4
 INFO: request:GET /media/nxp.png HTTP/1.1**Host: 10.29.244.160:10000**Accept: image/png,image/svg+xml,image/*;q=0.8,*/*;q=0.5**Referer: http://10.29.244.160:10000/**User-Agent: Mozilla/5.0 (X11; Ubuntu; Linux x86_64) AppleWebKit/605.1.15 (KHTML, like Gecko) Version/11.0 Safari/605.1.15**Accept-Encoding: gzip, deflate**Accept-Language: pt-BR**Connection: Keep-Alive****:18
 INFO: SEND:media/nxp.png:18
 INFO: socketfd:(null):4
 INFO: request:GET / HTTP/1.1**Host: 10.29.244.160:10000**Accept: text/html,application/xhtml+xml,application/xml;q=0.9,*/*;q=0.8**Upgrade-Insecure-Requests: 1**User-Agent: Mozilla/5.0 (X11; Ubuntu; Linux x86_64) AppleWebKit/605.1.15 (KHTML, like Gecko) Version/11.0 Safari/605.1.15**Accept-Encoding: gzip, deflate**Accept-Language: pt-BR**Connection: Keep-Alive****:19
 INFO: SEND:index.html:19
 INFO: socketfd:(null):4
 INFO: request:GET /media/nxp.png HTTP/1.1**Host: 10.29.244.160:10000**Accept: image/png,image/svg+xml,image/*;q=0.8,*/*;q=0.5**Referer: http://10.29.244.160:10000/**User-Agent: Mozilla/5.0 (X11; Ubuntu; Linux x86_64) AppleWebKit/605.1.15 (KHTML, like Gecko) Version/11.0 Safari/605.1.15**Accept-Encoding: gzip, deflate**Accept-Language: pt-BR**Connection: Keep-Alive****:20
 INFO: SEND:media/nxp.png:20
 INFO: socketfd:(null):4
SORRY: failed to read browser request:
 INFO: socketfd:(null):4
 INFO: request:GET / HTTP/1.1**Host: 10.29.244.160:10000**User-Agent: Mozilla/5.0 (X11; Ubuntu; Linux x86_64; rv:66.0) Gecko/20100101 Firefox/66.0**Accept: text/html,application/xhtml+xml,application/xml;q=0.9,*/*;q=0.8**Accept-Language: en-US,en;q=0.5**Accept-Encoding: gzip, deflate**Connection: keep-alive**Upgrade-Insecure-Requests: 1****:1
 INFO: SEND:index.html:1
 INFO: socketfd:(null):4
 INFO: request:GET /media/nxp.png HTTP/1.1**Host: 10.29.244.160:10000**User-Agent: Mozilla/5.0 (X11; Ubuntu; Linux x86_64; rv:66.0) Gecko/20100101 Firefox/66.0**Accept: image/webp,*/***Accept-Language: en-US,en;q=0.5**Accept-Encoding: gzip, deflate**Referer: http://10.29.244.160:10000/**Connection: keep-alive****:2
 INFO: SEND:media/nxp.png:2
 INFO: socketfd:(null):4
 INFO: request:GET /favicon.ico HTTP/1.1**Host: 10.29.244.160:10000**User-Agent: Mozilla/5.0 (X11; Ubuntu; Linux x86_64; rv:66.0) Gecko/20100101 Firefox/66.0**Accept: image/webp,*/***Accept-Language: en-US,en;q=0.5**Accept-Encoding: gzip, deflate**Connection: keep-alive****:3
SORRY: failed to open file:favicon.ico
 INFO: socketfd:(null):4
 INFO: request:GET / HTTP/1.1**Host: 10.29.244.160:10000**User-Agent: Mozilla/5.0 (X11; Ubuntu; Linux x86_64; rv:66.0) Gecko/20100101 Firefox/66.0**Accept: text/html,application/xhtml+xml,application/xml;q=0.9,*/*;q=0.8**Accept-Language: en-US,en;q=0.5**Accept-Encoding: gzip, deflate**Connection: keep-alive**Upgrade-Insecure-Requests: 1**Cache-Control: max-age=0****:4
 INFO: SEND:index.html:4
 INFO: socketfd:(null):4
 INFO: request:GET /media/nxp.png HTTP/1.1**Host: 10.29.244.160:10000**User-Agent: Mozilla/5.0 (X11; Ubuntu; Linux x86_64; rv:66.0) Gecko/20100101 Firefox/66.0**Accept: image/webp,*/***Accept-Language: en-US,en;q=0.5**Accept-Encoding: gzip, deflate**Referer: http://10.29.244.160:10000/**Connection: keep-alive**Cache-Control: max-age=0****:5
 INFO: SEND:media/nxp.png:5
 INFO: socketfd:(null):4
 INFO: request:GET /favicon.ico HTTP/1.1**Host: 10.29.244.160:10000**User-Agent: Mozilla/5.0 (X11; Ubuntu; Linux x86_64; rv:66.0) Gecko/20100101 Firefox/66.0**Accept: image/webp,*/***Accept-Language: en-US,en;q=0.5**Accept-Encoding: gzip, deflate**Connection: keep-alive**Cache-Control: max-age=0****:6
SORRY: failed to open file:favicon.ico
 INFO: socketfd:(null):4
 INFO: request:GET / HTTP/1.1**Host: 10.29.244.160:10000**User-Agent: Mozilla/5.0 (X11; Ubuntu; Linux x86_64; rv:66.0) Gecko/20100101 Firefox/66.0**Accept: text/html,application/xhtml+xml,application/xml;q=0.9,*/*;q=0.8**Accept-Language: en-US,en;q=0.5**Accept-Encoding: gzip, deflate**Connection: keep-alive**Upgrade-Insecure-Requests: 1**Cache-Control: max-age=0****:7
 INFO: SEND:index.html:7
 INFO: socketfd:(null):4
 INFO: request:GET /media/nxp.png HTTP/1.1**Host: 10.29.244.160:10000**User-Agent: Mozilla/5.0 (X11; Ubuntu; Linux x86_64; rv:66.0) Gecko/20100101 Firefox/66.0**Accept: image/webp,*/***Accept-Language: en-US,en;q=0.5**Accept-Encoding: gzip, deflate**Referer: http://10.29.244.160:10000/**Connection: keep-alive**Cache-Control: max-age=0****:8
 INFO: SEND:media/nxp.png:8
 INFO: socketfd:(null):4
 INFO: request:GET /favicon.ico HTTP/1.1**Host: 10.29.244.160:10000**User-Agent: Mozilla/5.0 (X11; Ubuntu; Linux x86_64; rv:66.0) Gecko/20100101 Firefox/66.0**Accept: image/webp,*/***Accept-Language: en-US,en;q=0.5**Accept-Encoding: gzip, deflate**Connection: keep-alive**Cache-Control: max-age=0****:9
SORRY: failed to open file:favicon.ico
 INFO: socketfd:(null):4
 INFO: request:GET / HTTP/1.1**Host: 10.29.244.160:10000**User-Agent: Mozilla/5.0 (X11; Ubuntu; Linux x86_64; rv:66.0) Gecko/20100101 Firefox/66.0**Accept: text/html,application/xhtml+xml,application/xml;q=0.9,*/*;q=0.8**Accept-Language: en-US,en;q=0.5**Accept-Encoding: gzip, deflate**Connection: keep-alive**Upgrade-Insecure-Requests: 1**Cache-Control: max-age=0****:10
 INFO: SEND:index.html:10
 INFO: socketfd:(null):4
 INFO: request:GET /media/nxp.png HTTP/1.1**Host: 10.29.244.160:10000**User-Agent: Mozilla/5.0 (X11; Ubuntu; Linux x86_64; rv:66.0) Gecko/20100101 Firefox/66.0**Accept: image/webp,*/***Accept-Language: en-US,en;q=0.5**Accept-Encoding: gzip, deflate**Referer: http://10.29.244.160:10000/**Connection: keep-alive**Cache-Control: max-age=0****:11
 INFO: SEND:media/nxp.png:11
 INFO: socketfd:(null):4
 INFO: request:GET /favicon.ico HTTP/1.1**Host: 10.29.244.160:10000**User-Agent: Mozilla/5.0 (X11; Ubuntu; Linux x86_64; rv:66.0) Gecko/20100101 Firefox/66.0**Accept: image/webp,*/***Accept-Language: en-US,en;q=0.5**Accept-Encoding: gzip, deflate**Connection: keep-alive**Cache-Control: max-age=0****:12
SORRY: failed to open file:favicon.ico
 INFO: socketfd:(null):4
 INFO: request:GET / HTTP/1.1**Host: 10.29.244.160:10000**User-Agent: Mozilla/5.0 (X11; Ubuntu; Linux x86_64; rv:66.0) Gecko/20100101 Firefox/66.0**Accept: text/html,application/xhtml+xml,application/xml;q=0.9,*/*;q=0.8**Accept-Language: en-US,en;q=0.5**Accept-Encoding: gzip, deflate**Connection: keep-alive**Upgrade-Insecure-Requests: 1**Cache-Control: max-age=0****:13
 INFO: SEND:index.html:13
 INFO: socketfd:(null):4
 INFO: request:GET /media/nxp.png HTTP/1.1**Host: 10.29.244.160:10000**User-Agent: Mozilla/5.0 (X11; Ubuntu; Linux x86_64; rv:66.0) Gecko/20100101 Firefox/66.0**Accept: image/webp,*/***Accept-Language: en-US,en;q=0.5**Accept-Encoding: gzip, deflate**Referer: http://10.29.244.160:10000/**Connection: keep-alive**Cache-Control: max-age=0****:14
 INFO: SEND:media/nxp.png:14
 INFO: socketfd:(null):4
 INFO: request:GET /favicon.ico HTTP/1.1**Host: 10.29.244.160:10000**User-Agent: Mozilla/5.0 (X11; Ubuntu; Linux x86_64; rv:66.0) Gecko/20100101 Firefox/66.0**Accept: image/webp,*/***Accept-Language: en-US,en;q=0.5**Accept-Encoding: gzip, deflate**Connection: keep-alive**Cache-Control: max-age=0****:15
SORRY: failed to open file:favicon.ico
 INFO: socketfd:(null):4
 INFO: request:GET / HTTP/1.1**Host: 10.29.244.160:10000**User-Agent: Mozilla/5.0 (X11; Ubuntu; Linux x86_64; rv:66.0) Gecko/20100101 Firefox/66.0**Accept: text/html,application/xhtml+xml,application/xml;q=0.9,*/*;q=0.8**Accept-Language: en-US,en;q=0.5**Accept-Encoding: gzip, deflate**Connection: keep-alive**Upgrade-Insecure-Requests: 1**Cache-Control: max-age=0****:16
 INFO: SEND:index.html:16
 INFO: socketfd:(null):4
 INFO: request:GET /media/nxp.png HTTP/1.1**Host: 10.29.244.160:10000**User-Agent: Mozilla/5.0 (X11; Ubuntu; Linux x86_64; rv:66.0) Gecko/20100101 Firefox/66.0**Accept: image/webp,*/***Accept-Language: en-US,en;q=0.5**Accept-Encoding: gzip, deflate**Referer: http://10.29.244.160:10000/**Connection: keep-alive**Cache-Control: max-age=0****:17
 INFO: SEND:media/nxp.png:17
 INFO: socketfd:(null):4
 INFO: request:GET /favicon.ico HTTP/1.1**Host: 10.29.244.160:10000**User-Agent: Mozilla/5.0 (X11; Ubuntu; Linux x86_64; rv:66.0) Gecko/20100101 Firefox/66.0**Accept: image/webp,*/***Accept-Language: en-US,en;q=0.5**Accept-Encoding: gzip, deflate**Connection: keep-alive**Cache-Control: max-age=0****:18
SORRY: failed to open file:favicon.ico
 INFO: socketfd:(null):4
 INFO: request:GET / HTTP/1.1**Host: 10.29.244.160:10000**User-Agent: Mozilla/5.0 (X11; Ubuntu; Linux x86_64; rv:66.0) Gecko/20100101 Firefox/66.0**Accept: text/html,application/xhtml+xml,application/xml;q=0.9,*/*;q=0.8**Accept-Language: en-US,en;q=0.5**Accept-Encoding: gzip, deflate**Connection: keep-alive**Upgrade-Insecure-Requests: 1**Cache-Control: max-age=0****:19
 INFO: SEND:index.html:19
 INFO: socketfd:(null):4
 INFO: request:GET /media/nxp.png HTTP/1.1**Host: 10.29.244.160:10000**User-Agent: Mozilla/5.0 (X11; Ubuntu; Linux x86_64; rv:66.0) Gecko/20100101 Firefox/66.0**Accept: image/webp,*/***Accept-Language: en-US,en;q=0.5**Accept-Encoding: gzip, deflate**Referer: http://10.29.244.160:10000/**Connection: keep-alive**Cache-Control: max-age=0****:20
 INFO: SEND:media/nxp.png:20
 INFO: socketfd:(null):4
 INFO: request:GET /favicon.ico HTTP/1.1**Host: 10.29.244.160:10000**User-Agent: Mozilla/5.0 (X11; Ubuntu; Linux x86_64; rv:66.0) Gecko/20100101 Firefox/66.0**Accept: image/webp,*/***Accept-Language: en-US,en;q=0.5**Accept-Encoding: gzip, deflate**Connection: keep-alive**Cache-Control: max-age=0****:21
SORRY: failed to open file:favicon.ico
 INFO: socketfd:(null):4
 INFO: request:GET / HTTP/1.1**Host: 172.17.0.1:33333**User-Agent: Mozilla/5.0 (X11; Ubuntu; Linux x86_64; rv:66.0) Gecko/20100101 Firefox/66.0**Accept: text/html,application/xhtml+xml,application/xml;q=0.9,*/*;q=0.8**Accept-Language: en-US,en;q=0.5**Accept-Encoding: gzip, deflate**Connection: keep-alive**Upgrade-Insecure-Requests: 1****:1
 INFO: SEND:index.html:1
 INFO: socketfd:(null):4
 INFO: request:GET /media/nxp.png HTTP/1.1**Host: 172.17.0.1:33333**User-Agent: Mozilla/5.0 (X11; Ubuntu; Linux x86_64; rv:66.0) Gecko/20100101 Firefox/66.0**Accept: image/webp,*/***Accept-Language: en-US,en;q=0.5**Accept-Encoding: gzip, deflate**Referer: http://172.17.0.1:33333/**Connection: keep-alive****:2
 INFO: SEND:media/nxp.png:2
 INFO: socketfd:(null):4
 INFO: request:GET /favicon.ico HTTP/1.1**Host: 172.17.0.1:33333**User-Agent: Mozilla/5.0 (X11; Ubuntu; Linux x86_64; rv:66.0) Gecko/20100101 Firefox/66.0**Accept: image/webp,*/***Accept-Language: en-US,en;q=0.5**Accept-Encoding: gzip, deflate**Connection: keep-alive****:3
SORRY: failed to open file:favicon.ico
 INFO: socketfd:(null):4
 INFO: request:GET / HTTP/1.1**Host: 172.17.0.1:33333**User-Agent: Mozilla/5.0 (X11; Ubuntu; Linux x86_64; rv:66.0) Gecko/20100101 Firefox/66.0**Accept: text/html,application/xhtml+xml,application/xml;q=0.9,*/*;q=0.8**Accept-Language: en-US,en;q=0.5**Accept-Encoding: gzip, deflate**Connection: keep-alive**Upgrade-Insecure-Requests: 1****:4
 INFO: SEND:index.html:4
 INFO: socketfd:(null):4
 INFO: request:GET /media/nxp.png HTTP/1.1**Host: 172.17.0.1:33333**User-Agent: Mozilla/5.0 (X11; Ubuntu; Linux x86_64; rv:66.0) Gecko/20100101 Firefox/66.0**Accept: image/webp,*/***Accept-Language: en-US,en;q=0.5**Accept-Encoding: gzip, deflate**Referer: http://172.17.0.1:33333/**Connection: keep-alive****:5
 INFO: SEND:media/nxp.png:5
 INFO: socketfd:(null):4
 INFO: request:GET /favicon.ico HTTP/1.1**Host: 172.17.0.1:33333**User-Agent: Mozilla/5.0 (X11; Ubuntu; Linux x86_64; rv:66.0) Gecko/20100101 Firefox/66.0**Accept: image/webp,*/***Accept-Language: en-US,en;q=0.5**Accept-Encoding: gzip, deflate**Connection: keep-alive****:6
SORRY: failed to open file:favicon.ico
